Using pre-set license
Built from '2021.3/staging' branch; Version is '2021.3.18f1 (3129e69bc0c7) revision 3221990'; Using compiler version '192829333'; Build Type 'Release'
OS: 'Windows 10  (10.0.19045) 64bit Professional' Language: 'ru' Physical Memory: 65327 MB
BatchMode: 1, IsHumanControllingUs: 0, StartBugReporterOnCrash: 0, Is64bit: 1, IsPro: 1

COMMAND LINE ARGUMENTS:
C:\Program Files\Unity\Hub\Editor\2021.3.18f1\Editor\Unity.exe
-adb2
-batchMode
-noUpm
-name
AssetImportWorker0
-projectPath
C:/Users/1/Desktop/CastleCrasherVR/UnrealUnityProject
-logFile
Logs/AssetImportWorker0.log
-srvPort
54963
Successfully changed project path to: C:/Users/1/Desktop/CastleCrasherVR/UnrealUnityProject
C:/Users/1/Desktop/CastleCrasherVR/UnrealUnityProject
[UnityMemory] Configuration Parameters - Can be set up in boot.config
    "memorysetup-bucket-allocator-granularity=16"
    "memorysetup-bucket-allocator-bucket-count=8"
    "memorysetup-bucket-allocator-block-size=33554432"
    "memorysetup-bucket-allocator-block-count=8"
    "memorysetup-main-allocator-block-size=16777216"
    "memorysetup-thread-allocator-block-size=16777216"
    "memorysetup-gfx-main-allocator-block-size=16777216"
    "memorysetup-gfx-thread-allocator-block-size=16777216"
    "memorysetup-cache-allocator-block-size=4194304"
    "memorysetup-typetree-allocator-block-size=2097152"
    "memorysetup-profiler-bucket-allocator-granularity=16"
    "memorysetup-profiler-bucket-allocator-bucket-count=8"
    "memorysetup-profiler-bucket-allocator-block-size=33554432"
    "memorysetup-profiler-bucket-allocator-block-count=8"
    "memorysetup-profiler-allocator-block-size=16777216"
    "memorysetup-profiler-editor-allocator-block-size=1048576"
    "memorysetup-temp-allocator-size-main=16777216"
    "memorysetup-job-temp-allocator-block-size=2097152"
    "memorysetup-job-temp-allocator-block-size-background=1048576"
    "memorysetup-job-temp-allocator-reduction-small-platforms=262144"
    "memorysetup-temp-allocator-size-background-worker=32768"
    "memorysetup-temp-allocator-size-job-worker=262144"
    "memorysetup-temp-allocator-size-preload-manager=33554432"
    "memorysetup-temp-allocator-size-nav-mesh-worker=65536"
    "memorysetup-temp-allocator-size-audio-worker=65536"
    "memorysetup-temp-allocator-size-cloud-worker=32768"
    "memorysetup-temp-allocator-size-gi-baking-worker=262144"
    "memorysetup-temp-allocator-size-gfx=262144"
Player connection [30420] Host "[IP] 10.61.35.18 [Port] 0 [Flags] 2 [Guid] 3262603270 [EditorId] 3262603270 [Version] 1048832 [Id] WindowsEditor(7,DESKTOP-FRPS2MP) [Debug] 1 [PackageName] WindowsEditor [ProjectName] Editor" joined multi-casting on [225.0.0.222:54997]...

Player connection [30420] Host "[IP] 10.61.35.18 [Port] 0 [Flags] 2 [Guid] 3262603270 [EditorId] 3262603270 [Version] 1048832 [Id] WindowsEditor(7,DESKTOP-FRPS2MP) [Debug] 1 [PackageName] WindowsEditor [ProjectName] Editor" joined alternative multi-casting on [225.0.0.222:34997]...

Refreshing native plugins compatible for Editor in 119.43 ms, found 6 plugins.
Preloading 0 native plugins for Editor in 0.00 ms.
Initialize engine version: 2021.3.18f1 (3129e69bc0c7)
[Subsystems] Discovering subsystems at path C:/Program Files/Unity/Hub/Editor/2021.3.18f1/Editor/Data/Resources/UnitySubsystems
[Subsystems] Discovering subsystems at path C:/Users/1/Desktop/CastleCrasherVR/UnrealUnityProject/Assets
GfxDevice: creating device client; threaded=0; jobified=0
Direct3D:
    Version:  Direct3D 11.0 [level 11.1]
    Renderer: NVIDIA GeForce RTX 3090 (ID=0x2204)
    Vendor:   NVIDIA
    VRAM:     24340 MB
    Driver:   31.0.15.2756
Initialize mono
Mono path[0] = 'C:/Program Files/Unity/Hub/Editor/2021.3.18f1/Editor/Data/Managed'
Mono path[1] = 'C:/Program Files/Unity/Hub/Editor/2021.3.18f1/Editor/Data/MonoBleedingEdge/lib/mono/unityjit-win32'
Mono config path = 'C:/Program Files/Unity/Hub/Editor/2021.3.18f1/Editor/Data/MonoBleedingEdge/etc'
Using monoOptions --debugger-agent=transport=dt_socket,embedding=1,server=y,suspend=n,address=127.0.0.1:56960
Begin MonoManager ReloadAssembly
Registering precompiled unity dll's ...
Register platform support module: C:/Program Files/Unity/Hub/Editor/2021.3.18f1/Editor/Data/PlaybackEngines/WindowsStandaloneSupport/UnityEditor.WindowsStandalone.Extensions.dll
Registered in 0.007151 seconds.
Native extension for WindowsStandalone target not found
Refreshing native plugins compatible for Editor in 119.28 ms, found 6 plugins.
Preloading 0 native plugins for Editor in 0.00 ms.
Mono: successfully reloaded assembly
- Completed reload, in  0.794 seconds
Domain Reload Profiling:
	ReloadAssembly (794ms)
		BeginReloadAssembly (88ms)
			ExecutionOrderSort (0ms)
			DisableScriptedObjects (0ms)
			BackupInstance (0ms)
			ReleaseScriptingObjects (0ms)
			CreateAndSetChildDomain (1ms)
		EndReloadAssembly (572ms)
			LoadAssemblies (84ms)
			RebuildTransferFunctionScriptingTraits (0ms)
			SetupTypeCache (139ms)
			ReleaseScriptCaches (0ms)
			RebuildScriptCaches (37ms)
			SetupLoadedEditorAssemblies (333ms)
				LogAssemblyErrors (0ms)
				InitializePlatformSupportModulesInManaged (9ms)
				SetLoadedEditorAssemblies (0ms)
				RefreshPlugins (119ms)
				BeforeProcessingInitializeOnLoad (2ms)
				ProcessInitializeOnLoadAttributes (145ms)
				ProcessInitializeOnLoadMethodAttributes (57ms)
				AfterProcessingInitializeOnLoad (0ms)
				EditorAssembliesLoaded (0ms)
			ExecutionOrderSort2 (0ms)
			AwakeInstancesAfterBackupRestoration (0ms)
Platform modules already initialized, skipping
Registering precompiled user dll's ...
Registered in 0.006298 seconds.
Begin MonoManager ReloadAssembly
Symbol file LoadedFromMemory doesn't match image C:\Users\1\Desktop\CastleCrasherVR\UnrealUnityProject\Library\PackageCache\com.unity.visualscripting@1.8.0\Editor\VisualScripting.Core\Dependencies\YamlDotNet\Unity.VisualScripting.YamlDotNet.dll
Symbol file LoadedFromMemory doesn't match image C:\Users\1\Desktop\CastleCrasherVR\UnrealUnityProject\Library\PackageCache\com.unity.visualscripting@1.8.0\Editor\VisualScripting.Core\Dependencies\DotNetZip\Unity.VisualScripting.IonicZip.dll
Native extension for WindowsStandalone target not found
Refreshing native plugins compatible for Editor in 1.37 ms, found 6 plugins.
Preloading 0 native plugins for Editor in 0.00 ms.
Package Manager log level set to [2]
Mono: successfully reloaded assembly
- Completed reload, in  1.335 seconds
Domain Reload Profiling:
	ReloadAssembly (1336ms)
		BeginReloadAssembly (139ms)
			ExecutionOrderSort (0ms)
			DisableScriptedObjects (6ms)
			BackupInstance (0ms)
			ReleaseScriptingObjects (0ms)
			CreateAndSetChildDomain (29ms)
		EndReloadAssembly (1051ms)
			LoadAssemblies (101ms)
			RebuildTransferFunctionScriptingTraits (0ms)
			SetupTypeCache (368ms)
			ReleaseScriptCaches (1ms)
			RebuildScriptCaches (77ms)
			SetupLoadedEditorAssemblies (447ms)
				LogAssemblyErrors (0ms)
				InitializePlatformSupportModulesInManaged (6ms)
				SetLoadedEditorAssemblies (1ms)
				RefreshPlugins (1ms)
				BeforeProcessingInitializeOnLoad (117ms)
				ProcessInitializeOnLoadAttributes (287ms)
				ProcessInitializeOnLoadMethodAttributes (25ms)
				AfterProcessingInitializeOnLoad (9ms)
				EditorAssembliesLoaded (0ms)
			ExecutionOrderSort2 (0ms)
			AwakeInstancesAfterBackupRestoration (10ms)
Platform modules already initialized, skipping
========================================================================
Worker process is ready to serve import requests
Launched and connected shader compiler UnityShaderCompiler.exe after 0.06 seconds
Refreshing native plugins compatible for Editor in 0.98 ms, found 6 plugins.
Preloading 0 native plugins for Editor in 0.00 ms.
Unloading 3386 Unused Serialized files (Serialized files now loaded: 0)
Unloading 28 unused Assets / (3.4 MB). Loaded Objects now: 3869.
Memory consumption went from 145.3 MB to 141.8 MB.
Total: 5.229500 ms (FindLiveObjects: 0.651800 ms CreateObjectMapping: 0.449100 ms MarkObjects: 3.779500 ms  DeleteObjects: 0.347200 ms)

AssetImportParameters requested are different than current active one (requested -> active):
  custom:video-decoder-ogg-theora: a1e56fd34408186e4bbccfd4996cb3dc -> 
  custom:container-muxer-webm: aa71ff27fc2769a1b78a27578f13a17b -> 
  custom:container-demuxer-webm: 4f35f7cbe854078d1ac9338744f61a02 -> 
  custom:video-encoder-webm-vp8: eb34c28f22e8b96e1ab97ce403110664 -> 
  custom:audio-encoder-webm-vorbis: bf7c407c2cedff20999df2af8eb42d56 -> 
  custom:framework-win-MediaFoundation: 216162199b28c13a410421893ffa2e32 -> 
  custom:container-demuxer-ogg: 62fdf1f143b41e24485cea50d1cbac27 -> 
  custom:video-decoder-webm-vp8: 9c59270c3fd7afecdb556c50c9e8de78 -> 
  custom:audio-decoder-ogg-vorbis: bf7c407c2cedff20999df2af8eb42d56 -> 
========================================================================
Received Import Request.
  Time since last request: 1435.298301 seconds.
  path: Assets/Scripts/Catapult
  artifactKey: Guid(6d8106689b7d9e949ad361d7cdbe68d6) Importer(815301076,1909f56bfc062723c751e8b465ee728b)
Start importing Assets/Scripts/Catapult using Guid(6d8106689b7d9e949ad361d7cdbe68d6) Importer(815301076,1909f56bfc062723c751e8b465ee728b)  -> (artifact id: '06ebccd17caf9928e221eebb2111b38a') in 0.015523 seconds 
========================================================================
Received Import Request.
  Time since last request: 0.000030 seconds.
  path: Assets/Scripts
  artifactKey: Guid(56cd55732e7859646aff5684fa1121eb) Importer(815301076,1909f56bfc062723c751e8b465ee728b)
Start importing Assets/Scripts using Guid(56cd55732e7859646aff5684fa1121eb) Importer(815301076,1909f56bfc062723c751e8b465ee728b)  -> (artifact id: '65012b824336044acd87acf35c905c04') in 0.007407 seconds 
========================================================================
Received Import Request.
  Time since last request: 27.580849 seconds.
  path: Assets/Scripts/Catapult/LeverMoveScript.cs
  artifactKey: Guid(d4de78480dd86514e8fce9d349c077d0) Importer(815301076,1909f56bfc062723c751e8b465ee728b)
Start importing Assets/Scripts/Catapult/LeverMoveScript.cs using Guid(d4de78480dd86514e8fce9d349c077d0) Importer(815301076,1909f56bfc062723c751e8b465ee728b)  -> (artifact id: '98a8902d750f44450ed0d31ff124691d') in 0.034658 seconds 
========================================================================
Received Prepare
Registering precompiled user dll's ...
Registered in 0.007055 seconds.
Begin MonoManager ReloadAssembly
Symbol file LoadedFromMemory doesn't match image C:\Users\1\Desktop\CastleCrasherVR\UnrealUnityProject\Library\PackageCache\com.unity.visualscripting@1.8.0\Editor\VisualScripting.Core\Dependencies\YamlDotNet\Unity.VisualScripting.YamlDotNet.dll
Symbol file LoadedFromMemory doesn't match image C:\Users\1\Desktop\CastleCrasherVR\UnrealUnityProject\Library\PackageCache\com.unity.visualscripting@1.8.0\Editor\VisualScripting.Core\Dependencies\DotNetZip\Unity.VisualScripting.IonicZip.dll
Native extension for WindowsStandalone target not found
Refreshing native plugins compatible for Editor in 1.56 ms, found 6 plugins.
Preloading 0 native plugins for Editor in 0.00 ms.
Mono: successfully reloaded assembly
- Completed reload, in  1.245 seconds
Domain Reload Profiling:
	ReloadAssembly (1245ms)
		BeginReloadAssembly (176ms)
			ExecutionOrderSort (0ms)
			DisableScriptedObjects (5ms)
			BackupInstance (0ms)
			ReleaseScriptingObjects (0ms)
			CreateAndSetChildDomain (54ms)
		EndReloadAssembly (951ms)
			LoadAssemblies (104ms)
			RebuildTransferFunctionScriptingTraits (0ms)
			SetupTypeCache (352ms)
			ReleaseScriptCaches (2ms)
			RebuildScriptCaches (57ms)
			SetupLoadedEditorAssemblies (385ms)
				LogAssemblyErrors (0ms)
				InitializePlatformSupportModulesInManaged (16ms)
				SetLoadedEditorAssemblies (1ms)
				RefreshPlugins (2ms)
				BeforeProcessingInitializeOnLoad (93ms)
				ProcessInitializeOnLoadAttributes (243ms)
				ProcessInitializeOnLoadMethodAttributes (22ms)
				AfterProcessingInitializeOnLoad (9ms)
				EditorAssembliesLoaded (0ms)
			ExecutionOrderSort2 (0ms)
			AwakeInstancesAfterBackupRestoration (9ms)
Platform modules already initialized, skipping
Refreshing native plugins compatible for Editor in 2.82 ms, found 6 plugins.
Preloading 0 native plugins for Editor in 0.00 ms.
Unloading 3358 Unused Serialized files (Serialized files now loaded: 0)
Unloading 20 unused Assets / (3.4 MB). Loaded Objects now: 3873.
Memory consumption went from 143.4 MB to 140.0 MB.
Total: 4.308300 ms (FindLiveObjects: 0.469000 ms CreateObjectMapping: 0.206100 ms MarkObjects: 3.286500 ms  DeleteObjects: 0.345600 ms)

AssetImportParameters requested are different than current active one (requested -> active):
  custom:video-decoder-ogg-theora: a1e56fd34408186e4bbccfd4996cb3dc -> 
  custom:container-muxer-webm: aa71ff27fc2769a1b78a27578f13a17b -> 
  custom:container-demuxer-webm: 4f35f7cbe854078d1ac9338744f61a02 -> 
  custom:video-encoder-webm-vp8: eb34c28f22e8b96e1ab97ce403110664 -> 
  custom:audio-encoder-webm-vorbis: bf7c407c2cedff20999df2af8eb42d56 -> 
  custom:framework-win-MediaFoundation: 216162199b28c13a410421893ffa2e32 -> 
  custom:container-demuxer-ogg: 62fdf1f143b41e24485cea50d1cbac27 -> 
  custom:video-decoder-webm-vp8: 9c59270c3fd7afecdb556c50c9e8de78 -> 
  custom:audio-decoder-ogg-vorbis: bf7c407c2cedff20999df2af8eb42d56 -> 
========================================================================
Received Import Request.
  Time since last request: 30.052253 seconds.
  path: Assets/Scripts/Catapult/CataPult.prefab
  artifactKey: Guid(298377f499ba0524483837a3e60ab09f) Importer(815301076,1909f56bfc062723c751e8b465ee728b)
Start importing Assets/Scripts/Catapult/CataPult.prefab using Guid(298377f499ba0524483837a3e60ab09f) Importer(815301076,1909f56bfc062723c751e8b465ee728b)  -> (artifact id: 'b512d6edb7164862d9daece5bdfcaacb') in 0.253819 seconds 
========================================================================
Received Import Request.
  Time since last request: 87.279747 seconds.
  path: Assets/Scripts/Catapult/CataPult.prefab
  artifactKey: Guid(298377f499ba0524483837a3e60ab09f) Importer(815301076,1909f56bfc062723c751e8b465ee728b)
Start importing Assets/Scripts/Catapult/CataPult.prefab using Guid(298377f499ba0524483837a3e60ab09f) Importer(815301076,1909f56bfc062723c751e8b465ee728b)  -> (artifact id: '90b82cb3913c87cc68cbb0df9ab90340') in 0.066221 seconds 
========================================================================
Received Import Request.
  Time since last request: 3.573540 seconds.
  path: Assets/Scripts/Catapult/CataPult.prefab
  artifactKey: Guid(298377f499ba0524483837a3e60ab09f) Importer(815301076,1909f56bfc062723c751e8b465ee728b)
Start importing Assets/Scripts/Catapult/CataPult.prefab using Guid(298377f499ba0524483837a3e60ab09f) Importer(815301076,1909f56bfc062723c751e8b465ee728b)  -> (artifact id: '54e307e5dfbdd9a49a8d04343e26762b') in 0.036272 seconds 
========================================================================
Received Prepare
Registering precompiled user dll's ...
Registered in 0.006938 seconds.
Begin MonoManager ReloadAssembly
Symbol file LoadedFromMemory doesn't match image C:\Users\1\Desktop\CastleCrasherVR\UnrealUnityProject\Library\PackageCache\com.unity.visualscripting@1.8.0\Editor\VisualScripting.Core\Dependencies\YamlDotNet\Unity.VisualScripting.YamlDotNet.dll
Symbol file LoadedFromMemory doesn't match image C:\Users\1\Desktop\CastleCrasherVR\UnrealUnityProject\Library\PackageCache\com.unity.visualscripting@1.8.0\Editor\VisualScripting.Core\Dependencies\DotNetZip\Unity.VisualScripting.IonicZip.dll
Native extension for WindowsStandalone target not found
Refreshing native plugins compatible for Editor in 1.12 ms, found 6 plugins.
Preloading 0 native plugins for Editor in 0.00 ms.
Mono: successfully reloaded assembly
- Completed reload, in  1.218 seconds
Domain Reload Profiling:
	ReloadAssembly (1219ms)
		BeginReloadAssembly (158ms)
			ExecutionOrderSort (0ms)
			DisableScriptedObjects (4ms)
			BackupInstance (0ms)
			ReleaseScriptingObjects (0ms)
			CreateAndSetChildDomain (51ms)
		EndReloadAssembly (935ms)
			LoadAssemblies (96ms)
			RebuildTransferFunctionScriptingTraits (0ms)
			SetupTypeCache (347ms)
			ReleaseScriptCaches (2ms)
			RebuildScriptCaches (57ms)
			SetupLoadedEditorAssemblies (373ms)
				LogAssemblyErrors (0ms)
				InitializePlatformSupportModulesInManaged (15ms)
				SetLoadedEditorAssemblies (1ms)
				RefreshPlugins (1ms)
				BeforeProcessingInitializeOnLoad (90ms)
				ProcessInitializeOnLoadAttributes (235ms)
				ProcessInitializeOnLoadMethodAttributes (22ms)
				AfterProcessingInitializeOnLoad (9ms)
				EditorAssembliesLoaded (0ms)
			ExecutionOrderSort2 (0ms)
			AwakeInstancesAfterBackupRestoration (10ms)
Platform modules already initialized, skipping
Refreshing native plugins compatible for Editor in 2.99 ms, found 6 plugins.
Preloading 0 native plugins for Editor in 0.00 ms.
Unloading 3358 Unused Serialized files (Serialized files now loaded: 0)
Unloading 20 unused Assets / (3.4 MB). Loaded Objects now: 3885.
Memory consumption went from 147.9 MB to 144.5 MB.
Total: 5.623100 ms (FindLiveObjects: 0.702900 ms CreateObjectMapping: 0.356400 ms MarkObjects: 4.188500 ms  DeleteObjects: 0.372800 ms)

AssetImportParameters requested are different than current active one (requested -> active):
  custom:video-decoder-ogg-theora: a1e56fd34408186e4bbccfd4996cb3dc -> 
  custom:container-muxer-webm: aa71ff27fc2769a1b78a27578f13a17b -> 
  custom:container-demuxer-webm: 4f35f7cbe854078d1ac9338744f61a02 -> 
  custom:video-encoder-webm-vp8: eb34c28f22e8b96e1ab97ce403110664 -> 
  custom:audio-encoder-webm-vorbis: bf7c407c2cedff20999df2af8eb42d56 -> 
  custom:framework-win-MediaFoundation: 216162199b28c13a410421893ffa2e32 -> 
  custom:container-demuxer-ogg: 62fdf1f143b41e24485cea50d1cbac27 -> 
  custom:video-decoder-webm-vp8: 9c59270c3fd7afecdb556c50c9e8de78 -> 
  custom:audio-decoder-ogg-vorbis: bf7c407c2cedff20999df2af8eb42d56 -> 
========================================================================
Received Import Request.
  Time since last request: 46.023241 seconds.
  path: Assets/Scripts/Catapult/CataPult.prefab
  artifactKey: Guid(298377f499ba0524483837a3e60ab09f) Importer(815301076,1909f56bfc062723c751e8b465ee728b)
Start importing Assets/Scripts/Catapult/CataPult.prefab using Guid(298377f499ba0524483837a3e60ab09f) Importer(815301076,1909f56bfc062723c751e8b465ee728b)  -> (artifact id: '5e079eb30d52c61f749f16acb59bc48d') in 0.145662 seconds 
========================================================================
Received Import Request.
  Time since last request: 3.507748 seconds.
  path: Assets/Scripts/Catapult/CataPult.prefab
  artifactKey: Guid(298377f499ba0524483837a3e60ab09f) Importer(815301076,1909f56bfc062723c751e8b465ee728b)
Start importing Assets/Scripts/Catapult/CataPult.prefab using Guid(298377f499ba0524483837a3e60ab09f) Importer(815301076,1909f56bfc062723c751e8b465ee728b)  -> (artifact id: '8c8bc79fbeb68adb44b962d3f71135c2') in 0.033253 seconds 
========================================================================
Received Import Request.
  Time since last request: 2.856959 seconds.
  path: Assets/Scripts/Catapult/CataPult.prefab
  artifactKey: Guid(298377f499ba0524483837a3e60ab09f) Importer(815301076,1909f56bfc062723c751e8b465ee728b)
Start importing Assets/Scripts/Catapult/CataPult.prefab using Guid(298377f499ba0524483837a3e60ab09f) Importer(815301076,1909f56bfc062723c751e8b465ee728b)  -> (artifact id: '415d8d5d1cda8e65baf4d79b58b4561c') in 0.033924 seconds 
========================================================================
Received Prepare
Registering precompiled user dll's ...
Registered in 0.006260 seconds.
Begin MonoManager ReloadAssembly
Symbol file LoadedFromMemory doesn't match image C:\Users\1\Desktop\CastleCrasherVR\UnrealUnityProject\Library\PackageCache\com.unity.visualscripting@1.8.0\Editor\VisualScripting.Core\Dependencies\YamlDotNet\Unity.VisualScripting.YamlDotNet.dll
Symbol file LoadedFromMemory doesn't match image C:\Users\1\Desktop\CastleCrasherVR\UnrealUnityProject\Library\PackageCache\com.unity.visualscripting@1.8.0\Editor\VisualScripting.Core\Dependencies\DotNetZip\Unity.VisualScripting.IonicZip.dll
Native extension for WindowsStandalone target not found
Refreshing native plugins compatible for Editor in 1.35 ms, found 6 plugins.
Preloading 0 native plugins for Editor in 0.00 ms.
Mono: successfully reloaded assembly
- Completed reload, in  1.219 seconds
Domain Reload Profiling:
	ReloadAssembly (1220ms)
		BeginReloadAssembly (165ms)
			ExecutionOrderSort (0ms)
			DisableScriptedObjects (4ms)
			BackupInstance (0ms)
			ReleaseScriptingObjects (0ms)
			CreateAndSetChildDomain (54ms)
		EndReloadAssembly (930ms)
			LoadAssemblies (97ms)
			RebuildTransferFunctionScriptingTraits (0ms)
			SetupTypeCache (348ms)
			ReleaseScriptCaches (2ms)
			RebuildScriptCaches (57ms)
			SetupLoadedEditorAssemblies (374ms)
				LogAssemblyErrors (0ms)
				InitializePlatformSupportModulesInManaged (15ms)
				SetLoadedEditorAssemblies (1ms)
				RefreshPlugins (1ms)
				BeforeProcessingInitializeOnLoad (89ms)
				ProcessInitializeOnLoadAttributes (237ms)
				ProcessInitializeOnLoadMethodAttributes (22ms)
				AfterProcessingInitializeOnLoad (9ms)
				EditorAssembliesLoaded (0ms)
			ExecutionOrderSort2 (0ms)
			AwakeInstancesAfterBackupRestoration (9ms)
Platform modules already initialized, skipping
Refreshing native plugins compatible for Editor in 2.35 ms, found 6 plugins.
Preloading 0 native plugins for Editor in 0.00 ms.
Unloading 3358 Unused Serialized files (Serialized files now loaded: 0)
Unloading 20 unused Assets / (3.4 MB). Loaded Objects now: 3889.
Memory consumption went from 147.9 MB to 144.5 MB.
Total: 4.823000 ms (FindLiveObjects: 0.560100 ms CreateObjectMapping: 0.265600 ms MarkObjects: 3.633700 ms  DeleteObjects: 0.362500 ms)

AssetImportParameters requested are different than current active one (requested -> active):
  custom:video-decoder-ogg-theora: a1e56fd34408186e4bbccfd4996cb3dc -> 
  custom:container-muxer-webm: aa71ff27fc2769a1b78a27578f13a17b -> 
  custom:container-demuxer-webm: 4f35f7cbe854078d1ac9338744f61a02 -> 
  custom:video-encoder-webm-vp8: eb34c28f22e8b96e1ab97ce403110664 -> 
  custom:audio-encoder-webm-vorbis: bf7c407c2cedff20999df2af8eb42d56 -> 
  custom:framework-win-MediaFoundation: 216162199b28c13a410421893ffa2e32 -> 
  custom:container-demuxer-ogg: 62fdf1f143b41e24485cea50d1cbac27 -> 
  custom:video-decoder-webm-vp8: 9c59270c3fd7afecdb556c50c9e8de78 -> 
  custom:audio-decoder-ogg-vorbis: bf7c407c2cedff20999df2af8eb42d56 -> 
========================================================================
Received Import Request.
  Time since last request: 21.607692 seconds.
  path: Assets/Scripts/Catapult/CataPult.prefab
  artifactKey: Guid(298377f499ba0524483837a3e60ab09f) Importer(815301076,1909f56bfc062723c751e8b465ee728b)
Start importing Assets/Scripts/Catapult/CataPult.prefab using Guid(298377f499ba0524483837a3e60ab09f) Importer(815301076,1909f56bfc062723c751e8b465ee728b)  -> (artifact id: '14c74a04df24d2cb94a7dc0b876c3078') in 0.136005 seconds 
========================================================================
Received Import Request.
  Time since last request: 6.681104 seconds.
  path: Assets/Scripts/Catapult/CataPult.prefab
  artifactKey: Guid(298377f499ba0524483837a3e60ab09f) Importer(815301076,1909f56bfc062723c751e8b465ee728b)
Start importing Assets/Scripts/Catapult/CataPult.prefab using Guid(298377f499ba0524483837a3e60ab09f) Importer(815301076,1909f56bfc062723c751e8b465ee728b)  -> (artifact id: 'efe48c0639dd6cf316344bf03068645e') in 0.035851 seconds 
========================================================================
Received Import Request.
  Time since last request: 2.129224 seconds.
  path: Assets/Scripts/Catapult/Projectile
  artifactKey: Guid(b4b3628910ff10544abee89ccbc22c63) Importer(815301076,1909f56bfc062723c751e8b465ee728b)
Start importing Assets/Scripts/Catapult/Projectile using Guid(b4b3628910ff10544abee89ccbc22c63) Importer(815301076,1909f56bfc062723c751e8b465ee728b)  -> (artifact id: '5ac7f992017f96c490b2b3e32ced4a26') in 0.007688 seconds 
========================================================================
Received Import Request.
  Time since last request: 0.058934 seconds.
  path: Assets/Scripts/Catapult/Projectile/Projectile.fbx
  artifactKey: Guid(23d569304c18c634b90a8252deb7f987) Importer(815301076,1909f56bfc062723c751e8b465ee728b)
Start importing Assets/Scripts/Catapult/Projectile/Projectile.fbx using Guid(23d569304c18c634b90a8252deb7f987) Importer(815301076,1909f56bfc062723c751e8b465ee728b)  -> (artifact id: '4612f9ae61802dbbfb09b08571c319d6') in 0.075921 seconds 
========================================================================
Received Import Request.
  Time since last request: 0.000027 seconds.
  path: Assets/Scripts/Catapult/Projectile/Projectile_DefaultMaterial_Normal.png
  artifactKey: Guid(8f1ea776123cac444b57a7a40b8ab5e1) Importer(815301076,1909f56bfc062723c751e8b465ee728b)
Start importing Assets/Scripts/Catapult/Projectile/Projectile_DefaultMaterial_Normal.png using Guid(8f1ea776123cac444b57a7a40b8ab5e1) Importer(815301076,1909f56bfc062723c751e8b465ee728b)  -> (artifact id: '536a80b768697186d0088050f6fda2fb') in 0.042508 seconds 
========================================================================
Received Import Request.
  Time since last request: 0.000046 seconds.
  path: Assets/Scripts/Catapult/Projectile/ProjectileMat.mat
  artifactKey: Guid(58d33483ceb3af74ba60e4a0df1430d3) Importer(815301076,1909f56bfc062723c751e8b465ee728b)
Start importing Assets/Scripts/Catapult/Projectile/ProjectileMat.mat using Guid(58d33483ceb3af74ba60e4a0df1430d3) Importer(815301076,1909f56bfc062723c751e8b465ee728b)  -> (artifact id: '07153f805ecd3f2c91913955ed2889d9') in 0.045829 seconds 
========================================================================
Received Import Request.
  Time since last request: 2.306468 seconds.
  path: Assets/Scripts/Catapult/Models
  artifactKey: Guid(5ea023b0122d44b46a5b399f4d19bbc5) Importer(815301076,1909f56bfc062723c751e8b465ee728b)
Start importing Assets/Scripts/Catapult/Models using Guid(5ea023b0122d44b46a5b399f4d19bbc5) Importer(815301076,1909f56bfc062723c751e8b465ee728b)  -> (artifact id: 'ae3bf1d8540eb069fb1244f8b65f7eb8') in 0.008452 seconds 
========================================================================
Received Import Request.
  Time since last request: 0.054505 seconds.
  path: Assets/Scripts/Catapult/Models/CatapultMat.mat
  artifactKey: Guid(72121b8d091bcfa4ebb2fe58de6e5677) Importer(815301076,1909f56bfc062723c751e8b465ee728b)
Start importing Assets/Scripts/Catapult/Models/CatapultMat.mat using Guid(72121b8d091bcfa4ebb2fe58de6e5677) Importer(815301076,1909f56bfc062723c751e8b465ee728b)  -> (artifact id: '6649ba1ff3bdc9ed655f52d40ec72b14') in 0.034424 seconds 
========================================================================
Received Import Request.
  Time since last request: 0.000032 seconds.
  path: Assets/Scripts/Catapult/Models/Part_3.fbx
  artifactKey: Guid(5148eeb99e24e524884e3bb340a90a49) Importer(815301076,1909f56bfc062723c751e8b465ee728b)
Start importing Assets/Scripts/Catapult/Models/Part_3.fbx using Guid(5148eeb99e24e524884e3bb340a90a49) Importer(815301076,1909f56bfc062723c751e8b465ee728b)  -> (artifact id: '575f3101e69cddd7f0ed888f18718d51') in 0.025063 seconds 
========================================================================
Received Import Request.
  Time since last request: 0.000046 seconds.
  path: Assets/Scripts/Catapult/Models/Stick.fbx
  artifactKey: Guid(f4b13447527768e42ae2157cc8d9a484) Importer(815301076,1909f56bfc062723c751e8b465ee728b)
Start importing Assets/Scripts/Catapult/Models/Stick.fbx using Guid(f4b13447527768e42ae2157cc8d9a484) Importer(815301076,1909f56bfc062723c751e8b465ee728b)  -> (artifact id: 'da42f02027b5bebf1d3af36967d8d465') in 0.018743 seconds 
========================================================================
Received Import Request.
  Time since last request: 0.000028 seconds.
  path: Assets/Scripts/Catapult/Models/Texturing_DefaultMaterial_MetallicSmoothness.tif
  artifactKey: Guid(e5ab6bda55607aa4fb70cb7a174984b3) Importer(815301076,1909f56bfc062723c751e8b465ee728b)
Start importing Assets/Scripts/Catapult/Models/Texturing_DefaultMaterial_MetallicSmoothness.tif using Guid(e5ab6bda55607aa4fb70cb7a174984b3) Importer(815301076,1909f56bfc062723c751e8b465ee728b)  -> (artifact id: '9d783b87fb558bc60979928e6e7f9d0f') in 0.022121 seconds 
========================================================================
Received Import Request.
  Time since last request: 0.000035 seconds.
  path: Assets/Scripts/Catapult/Models/Part_2.fbx
  artifactKey: Guid(68de635d5248a3c49a38783fefbe0154) Importer(815301076,1909f56bfc062723c751e8b465ee728b)
Start importing Assets/Scripts/Catapult/Models/Part_2.fbx using Guid(68de635d5248a3c49a38783fefbe0154) Importer(815301076,1909f56bfc062723c751e8b465ee728b)  -> (artifact id: 'f5406520ab6f6b211462e430a848ae58') in 0.018758 seconds 
Editor requested this worker to shutdown with reason: Scaling down because of idle timeout
AssetImportWorker is now disconnected from the server
Process exiting
Exiting without the bug reporter. Application will terminate with return code 0