Using pre-set license
Built from '2021.3/staging' branch; Version is '2021.3.18f1 (3129e69bc0c7) revision 3221990'; Using compiler version '192829333'; Build Type 'Release'
OS: 'Windows 10  (10.0.19043) 64bit Professional' Language: 'ru' Physical Memory: 65455 MB
BatchMode: 1, IsHumanControllingUs: 0, StartBugReporterOnCrash: 0, Is64bit: 1, IsPro: 1

COMMAND LINE ARGUMENTS:
C:\Program Files\Unity\Hub\Editor\2021.3.18f1\Editor\Unity.exe
-adb2
-batchMode
-noUpm
-name
AssetImportWorker2
-projectPath
C:/Users/WS5/Documents/GitHub/CastleCrasherVR/UnrealUnityProject
-logFile
Logs/AssetImportWorker2.log
-srvPort
51490
Successfully changed project path to: C:/Users/WS5/Documents/GitHub/CastleCrasherVR/UnrealUnityProject
C:/Users/WS5/Documents/GitHub/CastleCrasherVR/UnrealUnityProject
[UnityMemory] Configuration Parameters - Can be set up in boot.config
    "memorysetup-bucket-allocator-granularity=16"
    "memorysetup-bucket-allocator-bucket-count=8"
    "memorysetup-bucket-allocator-block-size=33554432"
    "memorysetup-bucket-allocator-block-count=8"
    "memorysetup-main-allocator-block-size=16777216"
    "memorysetup-thread-allocator-block-size=16777216"
    "memorysetup-gfx-main-allocator-block-size=16777216"
    "memorysetup-gfx-thread-allocator-block-size=16777216"
    "memorysetup-cache-allocator-block-size=4194304"
    "memorysetup-typetree-allocator-block-size=2097152"
    "memorysetup-profiler-bucket-allocator-granularity=16"
    "memorysetup-profiler-bucket-allocator-bucket-count=8"
    "memorysetup-profiler-bucket-allocator-block-size=33554432"
    "memorysetup-profiler-bucket-allocator-block-count=8"
    "memorysetup-profiler-allocator-block-size=16777216"
    "memorysetup-profiler-editor-allocator-block-size=1048576"
    "memorysetup-temp-allocator-size-main=16777216"
    "memorysetup-job-temp-allocator-block-size=2097152"
    "memorysetup-job-temp-allocator-block-size-background=1048576"
    "memorysetup-job-temp-allocator-reduction-small-platforms=262144"
    "memorysetup-temp-allocator-size-background-worker=32768"
    "memorysetup-temp-allocator-size-job-worker=262144"
    "memorysetup-temp-allocator-size-preload-manager=33554432"
    "memorysetup-temp-allocator-size-nav-mesh-worker=65536"
    "memorysetup-temp-allocator-size-audio-worker=65536"
    "memorysetup-temp-allocator-size-cloud-worker=32768"
    "memorysetup-temp-allocator-size-gi-baking-worker=262144"
    "memorysetup-temp-allocator-size-gfx=262144"
Player connection [11956] Host "[IP] 10.52.16.28 [Port] 0 [Flags] 2 [Guid] 3186622208 [EditorId] 3186622208 [Version] 1048832 [Id] WindowsEditor(7,DESKTOP-S98N045) [Debug] 1 [PackageName] WindowsEditor [ProjectName] Editor" joined multi-casting on [225.0.0.222:54997]...

Player connection [11956] Host "[IP] 10.52.16.28 [Port] 0 [Flags] 2 [Guid] 3186622208 [EditorId] 3186622208 [Version] 1048832 [Id] WindowsEditor(7,DESKTOP-S98N045) [Debug] 1 [PackageName] WindowsEditor [ProjectName] Editor" joined alternative multi-casting on [225.0.0.222:34997]...

Refreshing native plugins compatible for Editor in 92.83 ms, found 6 plugins.
Preloading 0 native plugins for Editor in 0.00 ms.
Initialize engine version: 2021.3.18f1 (3129e69bc0c7)
[Subsystems] Discovering subsystems at path C:/Program Files/Unity/Hub/Editor/2021.3.18f1/Editor/Data/Resources/UnitySubsystems
[Subsystems] Discovering subsystems at path C:/Users/WS5/Documents/GitHub/CastleCrasherVR/UnrealUnityProject/Assets
GfxDevice: creating device client; threaded=0; jobified=0
Direct3D:
    Version:  Direct3D 11.0 [level 11.1]
    Renderer: NVIDIA GeForce RTX 2080 SUPER (ID=0x1e81)
    Vendor:   NVIDIA
    VRAM:     8010 MB
    Driver:   30.0.15.1215
Initialize mono
Mono path[0] = 'C:/Program Files/Unity/Hub/Editor/2021.3.18f1/Editor/Data/Managed'
Mono path[1] = 'C:/Program Files/Unity/Hub/Editor/2021.3.18f1/Editor/Data/MonoBleedingEdge/lib/mono/unityjit-win32'
Mono config path = 'C:/Program Files/Unity/Hub/Editor/2021.3.18f1/Editor/Data/MonoBleedingEdge/etc'
Using monoOptions --debugger-agent=transport=dt_socket,embedding=1,server=y,suspend=n,address=127.0.0.1:56532
Begin MonoManager ReloadAssembly
Registering precompiled unity dll's ...
Register platform support module: C:/Program Files/Unity/Hub/Editor/2021.3.18f1/Editor/Data/PlaybackEngines/WebGLSupport/UnityEditor.WebGL.Extensions.dll
Register platform support module: C:/Program Files/Unity/Hub/Editor/2021.3.18f1/Editor/Data/PlaybackEngines/WindowsStandaloneSupport/UnityEditor.WindowsStandalone.Extensions.dll
Registered in 0.006298 seconds.
Native extension for WindowsStandalone target not found
Native extension for WebGL target not found
Refreshing native plugins compatible for Editor in 86.51 ms, found 6 plugins.
Preloading 0 native plugins for Editor in 0.00 ms.
Mono: successfully reloaded assembly
- Completed reload, in  0.603 seconds
Domain Reload Profiling:
	ReloadAssembly (603ms)
		BeginReloadAssembly (65ms)
			ExecutionOrderSort (0ms)
			DisableScriptedObjects (0ms)
			BackupInstance (0ms)
			ReleaseScriptingObjects (0ms)
			CreateAndSetChildDomain (1ms)
		EndReloadAssembly (437ms)
			LoadAssemblies (63ms)
			RebuildTransferFunctionScriptingTraits (0ms)
			SetupTypeCache (103ms)
			ReleaseScriptCaches (0ms)
			RebuildScriptCaches (26ms)
			SetupLoadedEditorAssemblies (261ms)
				LogAssemblyErrors (0ms)
				InitializePlatformSupportModulesInManaged (8ms)
				SetLoadedEditorAssemblies (0ms)
				RefreshPlugins (87ms)
				BeforeProcessingInitializeOnLoad (1ms)
				ProcessInitializeOnLoadAttributes (116ms)
				ProcessInitializeOnLoadMethodAttributes (48ms)
				AfterProcessingInitializeOnLoad (0ms)
				EditorAssembliesLoaded (0ms)
			ExecutionOrderSort2 (0ms)
			AwakeInstancesAfterBackupRestoration (0ms)
Platform modules already initialized, skipping
Registering precompiled user dll's ...
Registered in 0.006228 seconds.
Begin MonoManager ReloadAssembly
Symbol file LoadedFromMemory doesn't match image C:\Users\WS5\Documents\GitHub\CastleCrasherVR\UnrealUnityProject\Library\PackageCache\com.unity.visualscripting@1.8.0\Editor\VisualScripting.Core\Dependencies\YamlDotNet\Unity.VisualScripting.YamlDotNet.dll
Symbol file LoadedFromMemory doesn't match image C:\Users\WS5\Documents\GitHub\CastleCrasherVR\UnrealUnityProject\Library\PackageCache\com.unity.visualscripting@1.8.0\Editor\VisualScripting.Core\Dependencies\DotNetZip\Unity.VisualScripting.IonicZip.dll
Native extension for WindowsStandalone target not found
Native extension for WebGL target not found
Refreshing native plugins compatible for Editor in 0.58 ms, found 6 plugins.
Preloading 0 native plugins for Editor in 0.00 ms.
Package Manager log level set to [2]
Mono: successfully reloaded assembly
- Completed reload, in  1.011 seconds
Domain Reload Profiling:
	ReloadAssembly (1012ms)
		BeginReloadAssembly (106ms)
			ExecutionOrderSort (0ms)
			DisableScriptedObjects (6ms)
			BackupInstance (0ms)
			ReleaseScriptingObjects (0ms)
			CreateAndSetChildDomain (18ms)
		EndReloadAssembly (808ms)
			LoadAssemblies (71ms)
			RebuildTransferFunctionScriptingTraits (0ms)
			SetupTypeCache (257ms)
			ReleaseScriptCaches (1ms)
			RebuildScriptCaches (59ms)
			SetupLoadedEditorAssemblies (371ms)
				LogAssemblyErrors (0ms)
				InitializePlatformSupportModulesInManaged (7ms)
				SetLoadedEditorAssemblies (0ms)
				RefreshPlugins (1ms)
				BeforeProcessingInitializeOnLoad (104ms)
				ProcessInitializeOnLoadAttributes (232ms)
				ProcessInitializeOnLoadMethodAttributes (20ms)
				AfterProcessingInitializeOnLoad (7ms)
				EditorAssembliesLoaded (0ms)
			ExecutionOrderSort2 (0ms)
			AwakeInstancesAfterBackupRestoration (6ms)
Platform modules already initialized, skipping
========================================================================
Worker process is ready to serve import requests
Launched and connected shader compiler UnityShaderCompiler.exe after 0.03 seconds
Refreshing native plugins compatible for Editor in 0.71 ms, found 6 plugins.
Preloading 0 native plugins for Editor in 0.00 ms.
Unloading 3386 Unused Serialized files (Serialized files now loaded: 0)
Unloading 31 unused Assets / (10.8 MB). Loaded Objects now: 3866.
Memory consumption went from 145.1 MB to 134.3 MB.
Total: 3.468900 ms (FindLiveObjects: 0.293600 ms CreateObjectMapping: 0.246900 ms MarkObjects: 2.300100 ms  DeleteObjects: 0.626900 ms)

AssetImportParameters requested are different than current active one (requested -> active):
  custom:video-decoder-ogg-theora: a1e56fd34408186e4bbccfd4996cb3dc -> 
  custom:container-muxer-webm: aa71ff27fc2769a1b78a27578f13a17b -> 
  custom:container-demuxer-webm: 4f35f7cbe854078d1ac9338744f61a02 -> 
  custom:video-encoder-webm-vp8: eb34c28f22e8b96e1ab97ce403110664 -> 
  custom:audio-encoder-webm-vorbis: bf7c407c2cedff20999df2af8eb42d56 -> 
  custom:framework-win-MediaFoundation: 216162199b28c13a410421893ffa2e32 -> 
  custom:container-demuxer-ogg: 62fdf1f143b41e24485cea50d1cbac27 -> 
  custom:video-decoder-webm-vp8: 9c59270c3fd7afecdb556c50c9e8de78 -> 
  custom:audio-decoder-ogg-vorbis: bf7c407c2cedff20999df2af8eb42d56 -> 
========================================================================
Received Import Request.
  Time since last request: 769238.339583 seconds.
  path: Assets/Scripts/Catapult/CataPult.prefab
  artifactKey: Guid(298377f499ba0524483837a3e60ab09f) Importer(815301076,1909f56bfc062723c751e8b465ee728b)
Start importing Assets/Scripts/Catapult/CataPult.prefab using Guid(298377f499ba0524483837a3e60ab09f) Importer(815301076,1909f56bfc062723c751e8b465ee728b)  -> (artifact id: '4b736681928e4a79325b495706dfd245') in 0.165724 seconds 
========================================================================
Received Import Request.
  Time since last request: 27.023974 seconds.
  path: Assets/Scripts/Catapult/CataPult.prefab
  artifactKey: Guid(298377f499ba0524483837a3e60ab09f) Importer(815301076,1909f56bfc062723c751e8b465ee728b)
Start importing Assets/Scripts/Catapult/CataPult.prefab using Guid(298377f499ba0524483837a3e60ab09f) Importer(815301076,1909f56bfc062723c751e8b465ee728b)  -> (artifact id: 'e91d4d10438a1a9ff450d8e2698a78b3') in 0.026200 seconds 
========================================================================
Received Import Request.
  Time since last request: 4.841456 seconds.
  path: Assets/Scripts/Catapult/CataPult.prefab
  artifactKey: Guid(298377f499ba0524483837a3e60ab09f) Importer(815301076,1909f56bfc062723c751e8b465ee728b)
Start importing Assets/Scripts/Catapult/CataPult.prefab using Guid(298377f499ba0524483837a3e60ab09f) Importer(815301076,1909f56bfc062723c751e8b465ee728b)  -> (artifact id: '5bcda42573229104fc6c8f0b5b24e019') in 0.019965 seconds 
========================================================================
Received Import Request.
  Time since last request: 3.634440 seconds.
  path: Assets/Scripts/Catapult/CataPult.prefab
  artifactKey: Guid(298377f499ba0524483837a3e60ab09f) Importer(815301076,1909f56bfc062723c751e8b465ee728b)
Start importing Assets/Scripts/Catapult/CataPult.prefab using Guid(298377f499ba0524483837a3e60ab09f) Importer(815301076,1909f56bfc062723c751e8b465ee728b)  -> (artifact id: 'ba0eedb8a9cd80a02c65df2673951c51') in 0.019098 seconds 
========================================================================
Received Import Request.
  Time since last request: 17.705517 seconds.
  path: Assets/Scripts/Catapult/CataPult.prefab
  artifactKey: Guid(298377f499ba0524483837a3e60ab09f) Importer(815301076,1909f56bfc062723c751e8b465ee728b)
Start importing Assets/Scripts/Catapult/CataPult.prefab using Guid(298377f499ba0524483837a3e60ab09f) Importer(815301076,1909f56bfc062723c751e8b465ee728b)  -> (artifact id: 'aa99f3ab6874c4ca1337aca32e974d54') in 0.019201 seconds 
========================================================================
Received Import Request.
  Time since last request: 0.376256 seconds.
  path: Assets/Scripts/Catapult/CataPult.prefab
  artifactKey: Guid(298377f499ba0524483837a3e60ab09f) Importer(815301076,1909f56bfc062723c751e8b465ee728b)
Start importing Assets/Scripts/Catapult/CataPult.prefab using Guid(298377f499ba0524483837a3e60ab09f) Importer(815301076,1909f56bfc062723c751e8b465ee728b)  -> (artifact id: 'd450a2c8500302d050c4b470d4a469f1') in 0.018149 seconds 
========================================================================
Received Import Request.
  Time since last request: 0.181536 seconds.
  path: Assets/Scripts/Catapult/CataPult.prefab
  artifactKey: Guid(298377f499ba0524483837a3e60ab09f) Importer(815301076,1909f56bfc062723c751e8b465ee728b)
Start importing Assets/Scripts/Catapult/CataPult.prefab using Guid(298377f499ba0524483837a3e60ab09f) Importer(815301076,1909f56bfc062723c751e8b465ee728b)  -> (artifact id: '5ea4a0debcc2a242331d7719cea02a7d') in 0.017887 seconds 
========================================================================
Received Import Request.
  Time since last request: 0.181554 seconds.
  path: Assets/Scripts/Catapult/CataPult.prefab
  artifactKey: Guid(298377f499ba0524483837a3e60ab09f) Importer(815301076,1909f56bfc062723c751e8b465ee728b)
Start importing Assets/Scripts/Catapult/CataPult.prefab using Guid(298377f499ba0524483837a3e60ab09f) Importer(815301076,1909f56bfc062723c751e8b465ee728b)  -> (artifact id: 'f27c3ec7cac90a96a1745bc649433415') in 0.017717 seconds 
========================================================================
Received Import Request.
  Time since last request: 0.186892 seconds.
  path: Assets/Scripts/Catapult/CataPult.prefab
  artifactKey: Guid(298377f499ba0524483837a3e60ab09f) Importer(815301076,1909f56bfc062723c751e8b465ee728b)
Start importing Assets/Scripts/Catapult/CataPult.prefab using Guid(298377f499ba0524483837a3e60ab09f) Importer(815301076,1909f56bfc062723c751e8b465ee728b)  -> (artifact id: '4f8ec0097c3b054b04f799298beefadb') in 0.020267 seconds 
========================================================================
Received Import Request.
  Time since last request: 0.371550 seconds.
  path: Assets/Scripts/Catapult/CataPult.prefab
  artifactKey: Guid(298377f499ba0524483837a3e60ab09f) Importer(815301076,1909f56bfc062723c751e8b465ee728b)
Start importing Assets/Scripts/Catapult/CataPult.prefab using Guid(298377f499ba0524483837a3e60ab09f) Importer(815301076,1909f56bfc062723c751e8b465ee728b)  -> (artifact id: 'e705b6a08d37f29040c3580079cae870') in 0.022516 seconds 
========================================================================
Received Import Request.
  Time since last request: 5.828429 seconds.
  path: Assets/Scripts/Catapult/CataPult.prefab
  artifactKey: Guid(298377f499ba0524483837a3e60ab09f) Importer(815301076,1909f56bfc062723c751e8b465ee728b)
Start importing Assets/Scripts/Catapult/CataPult.prefab using Guid(298377f499ba0524483837a3e60ab09f) Importer(815301076,1909f56bfc062723c751e8b465ee728b)  -> (artifact id: 'cd6caf31250103c32152a7aaa572ea4f') in 0.026425 seconds 
========================================================================
Received Import Request.
  Time since last request: 3.791870 seconds.
  path: Assets/Scripts/Catapult/CataPult.prefab
  artifactKey: Guid(298377f499ba0524483837a3e60ab09f) Importer(815301076,1909f56bfc062723c751e8b465ee728b)
Start importing Assets/Scripts/Catapult/CataPult.prefab using Guid(298377f499ba0524483837a3e60ab09f) Importer(815301076,1909f56bfc062723c751e8b465ee728b)  -> (artifact id: 'ef917c284a38fc2a8da71974dddf74a8') in 0.018193 seconds 
========================================================================
Received Import Request.
  Time since last request: 9.311106 seconds.
  path: Assets/Scripts/Catapult/CataPult.prefab
  artifactKey: Guid(298377f499ba0524483837a3e60ab09f) Importer(815301076,1909f56bfc062723c751e8b465ee728b)
Start importing Assets/Scripts/Catapult/CataPult.prefab using Guid(298377f499ba0524483837a3e60ab09f) Importer(815301076,1909f56bfc062723c751e8b465ee728b)  -> (artifact id: '32c0db5b35a9b8f4175cb84d8de99a19') in 0.018621 seconds 
========================================================================
Received Import Request.
  Time since last request: 7.421176 seconds.
  path: Assets/Scripts/Catapult/CataPult.prefab
  artifactKey: Guid(298377f499ba0524483837a3e60ab09f) Importer(815301076,1909f56bfc062723c751e8b465ee728b)
Start importing Assets/Scripts/Catapult/CataPult.prefab using Guid(298377f499ba0524483837a3e60ab09f) Importer(815301076,1909f56bfc062723c751e8b465ee728b)  -> (artifact id: '987a51b15b94c2a0b8573ae8bfe71e62') in 0.020340 seconds 
========================================================================
Received Import Request.
  Time since last request: 3.213328 seconds.
  path: Assets/Scripts/Catapult/CataPult.prefab
  artifactKey: Guid(298377f499ba0524483837a3e60ab09f) Importer(815301076,1909f56bfc062723c751e8b465ee728b)
Start importing Assets/Scripts/Catapult/CataPult.prefab using Guid(298377f499ba0524483837a3e60ab09f) Importer(815301076,1909f56bfc062723c751e8b465ee728b)  -> (artifact id: '89063f8b4fe5e8c23d99eebbdc1e7e87') in 0.019404 seconds 
========================================================================
Received Import Request.
  Time since last request: 2.399760 seconds.
  path: Assets/Scripts/Catapult/CataPult.prefab
  artifactKey: Guid(298377f499ba0524483837a3e60ab09f) Importer(815301076,1909f56bfc062723c751e8b465ee728b)
Start importing Assets/Scripts/Catapult/CataPult.prefab using Guid(298377f499ba0524483837a3e60ab09f) Importer(815301076,1909f56bfc062723c751e8b465ee728b)  -> (artifact id: '64649e70eaba2ef4e6927d3827ba6a76') in 0.019775 seconds 
========================================================================
Received Import Request.
  Time since last request: 0.811487 seconds.
  path: Assets/Scripts/Catapult/CataPult.prefab
  artifactKey: Guid(298377f499ba0524483837a3e60ab09f) Importer(815301076,1909f56bfc062723c751e8b465ee728b)
Start importing Assets/Scripts/Catapult/CataPult.prefab using Guid(298377f499ba0524483837a3e60ab09f) Importer(815301076,1909f56bfc062723c751e8b465ee728b)  -> (artifact id: '346e32af39276f19216ee7c2aab93958') in 0.025962 seconds 
========================================================================
Received Import Request.
  Time since last request: 8.800142 seconds.
  path: Assets/Scripts/Catapult/CataPult.prefab
  artifactKey: Guid(298377f499ba0524483837a3e60ab09f) Importer(815301076,1909f56bfc062723c751e8b465ee728b)
Start importing Assets/Scripts/Catapult/CataPult.prefab using Guid(298377f499ba0524483837a3e60ab09f) Importer(815301076,1909f56bfc062723c751e8b465ee728b)  -> (artifact id: 'e6d51205a54d9003eb52e2c4faf97784') in 0.018161 seconds 
========================================================================
Received Import Request.
  Time since last request: 2.227884 seconds.
  path: Assets/Scripts/Catapult/CataPult.prefab
  artifactKey: Guid(298377f499ba0524483837a3e60ab09f) Importer(815301076,1909f56bfc062723c751e8b465ee728b)
Start importing Assets/Scripts/Catapult/CataPult.prefab using Guid(298377f499ba0524483837a3e60ab09f) Importer(815301076,1909f56bfc062723c751e8b465ee728b)  -> (artifact id: 'd24a7723f30f7712d876fa4bf2dfa744') in 0.018672 seconds 
========================================================================
Received Import Request.
  Time since last request: 0.614041 seconds.
  path: Assets/Scripts/Catapult/CataPult.prefab
  artifactKey: Guid(298377f499ba0524483837a3e60ab09f) Importer(815301076,1909f56bfc062723c751e8b465ee728b)
Start importing Assets/Scripts/Catapult/CataPult.prefab using Guid(298377f499ba0524483837a3e60ab09f) Importer(815301076,1909f56bfc062723c751e8b465ee728b)  -> (artifact id: '0327e69f48e15acd900680d4cf02ae48') in 0.018614 seconds 
========================================================================
Received Import Request.
  Time since last request: 4.343999 seconds.
  path: Assets/Scripts/Catapult/CataPult.prefab
  artifactKey: Guid(298377f499ba0524483837a3e60ab09f) Importer(815301076,1909f56bfc062723c751e8b465ee728b)
Start importing Assets/Scripts/Catapult/CataPult.prefab using Guid(298377f499ba0524483837a3e60ab09f) Importer(815301076,1909f56bfc062723c751e8b465ee728b)  -> (artifact id: 'd3aa0cb63c70ca8c988d12deb9b5fdf1') in 0.034226 seconds 
========================================================================
Received Import Request.
  Time since last request: 28.611814 seconds.
  path: Assets/Scripts/Catapult/CataPult.prefab
  artifactKey: Guid(298377f499ba0524483837a3e60ab09f) Importer(815301076,1909f56bfc062723c751e8b465ee728b)
Start importing Assets/Scripts/Catapult/CataPult.prefab using Guid(298377f499ba0524483837a3e60ab09f) Importer(815301076,1909f56bfc062723c751e8b465ee728b)  -> (artifact id: 'affa775bc08b7629f56bdf9c4ffc3d92') in 0.019371 seconds 
========================================================================
Received Import Request.
  Time since last request: 3.012443 seconds.
  path: Assets/Scripts/Catapult/CataPult.prefab
  artifactKey: Guid(298377f499ba0524483837a3e60ab09f) Importer(815301076,1909f56bfc062723c751e8b465ee728b)
Start importing Assets/Scripts/Catapult/CataPult.prefab using Guid(298377f499ba0524483837a3e60ab09f) Importer(815301076,1909f56bfc062723c751e8b465ee728b)  -> (artifact id: '77f6e78d5442a55451d56b158a912012') in 0.018035 seconds 
========================================================================
Received Import Request.
  Time since last request: 0.387524 seconds.
  path: Assets/Scripts/Catapult/CataPult.prefab
  artifactKey: Guid(298377f499ba0524483837a3e60ab09f) Importer(815301076,1909f56bfc062723c751e8b465ee728b)
Start importing Assets/Scripts/Catapult/CataPult.prefab using Guid(298377f499ba0524483837a3e60ab09f) Importer(815301076,1909f56bfc062723c751e8b465ee728b)  -> (artifact id: 'b29763a7d57c92e10baac91e98adba0b') in 0.018447 seconds 
========================================================================
Received Import Request.
  Time since last request: 0.401492 seconds.
  path: Assets/Scripts/Catapult/CataPult.prefab
  artifactKey: Guid(298377f499ba0524483837a3e60ab09f) Importer(815301076,1909f56bfc062723c751e8b465ee728b)
Start importing Assets/Scripts/Catapult/CataPult.prefab using Guid(298377f499ba0524483837a3e60ab09f) Importer(815301076,1909f56bfc062723c751e8b465ee728b)  -> (artifact id: 'aa445dd286bd3a891e5b510620e5f003') in 0.019270 seconds 
========================================================================
Received Import Request.
  Time since last request: 3.827798 seconds.
  path: Assets/Scripts/Catapult/CataPult.prefab
  artifactKey: Guid(298377f499ba0524483837a3e60ab09f) Importer(815301076,1909f56bfc062723c751e8b465ee728b)
Start importing Assets/Scripts/Catapult/CataPult.prefab using Guid(298377f499ba0524483837a3e60ab09f) Importer(815301076,1909f56bfc062723c751e8b465ee728b)  -> (artifact id: '87b14f8cb7e28aff4caaf2f4b937c952') in 0.021766 seconds 
========================================================================
Received Import Request.
  Time since last request: 1.197724 seconds.
  path: Assets/Scripts/Catapult/CataPult.prefab
  artifactKey: Guid(298377f499ba0524483837a3e60ab09f) Importer(815301076,1909f56bfc062723c751e8b465ee728b)
Start importing Assets/Scripts/Catapult/CataPult.prefab using Guid(298377f499ba0524483837a3e60ab09f) Importer(815301076,1909f56bfc062723c751e8b465ee728b)  -> (artifact id: '64ce10ddd0d9e47450cd821d434f3fad') in 0.019484 seconds 
========================================================================
Received Import Request.
  Time since last request: 0.789771 seconds.
  path: Assets/Scripts/Catapult/CataPult.prefab
  artifactKey: Guid(298377f499ba0524483837a3e60ab09f) Importer(815301076,1909f56bfc062723c751e8b465ee728b)
Start importing Assets/Scripts/Catapult/CataPult.prefab using Guid(298377f499ba0524483837a3e60ab09f) Importer(815301076,1909f56bfc062723c751e8b465ee728b)  -> (artifact id: 'f608353532e2d4cd9c530745ce396388') in 0.019572 seconds 
========================================================================
Received Import Request.
  Time since last request: 14.459790 seconds.
  path: Assets/Scripts/Catapult/CataPult.prefab
  artifactKey: Guid(298377f499ba0524483837a3e60ab09f) Importer(815301076,1909f56bfc062723c751e8b465ee728b)
Start importing Assets/Scripts/Catapult/CataPult.prefab using Guid(298377f499ba0524483837a3e60ab09f) Importer(815301076,1909f56bfc062723c751e8b465ee728b)  -> (artifact id: '7f26c44f896f68f5bb7c5b26caec6e44') in 0.022791 seconds 
========================================================================
Received Import Request.
  Time since last request: 1.596828 seconds.
  path: Assets/Scripts/Catapult/CataPult.prefab
  artifactKey: Guid(298377f499ba0524483837a3e60ab09f) Importer(815301076,1909f56bfc062723c751e8b465ee728b)
Start importing Assets/Scripts/Catapult/CataPult.prefab using Guid(298377f499ba0524483837a3e60ab09f) Importer(815301076,1909f56bfc062723c751e8b465ee728b)  -> (artifact id: '68132cbe6c18aff2d96c6342ff824867') in 0.016232 seconds 
========================================================================
Received Import Request.
  Time since last request: 14.025316 seconds.
  path: Assets/Scripts/Catapult/CataPult.prefab
  artifactKey: Guid(298377f499ba0524483837a3e60ab09f) Importer(815301076,1909f56bfc062723c751e8b465ee728b)
Start importing Assets/Scripts/Catapult/CataPult.prefab using Guid(298377f499ba0524483837a3e60ab09f) Importer(815301076,1909f56bfc062723c751e8b465ee728b)  -> (artifact id: '37a4b5d55d31d47152bd06bf3c92eb92') in 0.021940 seconds 
========================================================================
Received Import Request.
  Time since last request: 5.266386 seconds.
  path: Assets/Scripts/Catapult/CataPult.prefab
  artifactKey: Guid(298377f499ba0524483837a3e60ab09f) Importer(815301076,1909f56bfc062723c751e8b465ee728b)
Start importing Assets/Scripts/Catapult/CataPult.prefab using Guid(298377f499ba0524483837a3e60ab09f) Importer(815301076,1909f56bfc062723c751e8b465ee728b)  -> (artifact id: 'ac8174552351927b2e37f010895a3f9d') in 0.019659 seconds 
========================================================================
Received Import Request.
  Time since last request: 10.745816 seconds.
  path: Assets/Scripts/Catapult/CataPult.prefab
  artifactKey: Guid(298377f499ba0524483837a3e60ab09f) Importer(815301076,1909f56bfc062723c751e8b465ee728b)
Start importing Assets/Scripts/Catapult/CataPult.prefab using Guid(298377f499ba0524483837a3e60ab09f) Importer(815301076,1909f56bfc062723c751e8b465ee728b)  -> (artifact id: '370eaf8c65ccc7481cc5aa35cf3513b9') in 0.019667 seconds 
========================================================================
Received Import Request.
  Time since last request: 23.736786 seconds.
  path: Assets/Scripts/Catapult/CataPult.prefab
  artifactKey: Guid(298377f499ba0524483837a3e60ab09f) Importer(815301076,1909f56bfc062723c751e8b465ee728b)
Start importing Assets/Scripts/Catapult/CataPult.prefab using Guid(298377f499ba0524483837a3e60ab09f) Importer(815301076,1909f56bfc062723c751e8b465ee728b)  -> (artifact id: '97d29c0ba2f398d778000513d0fb0379') in 0.019726 seconds 
========================================================================
Received Import Request.
  Time since last request: 1.156528 seconds.
  path: Assets/Scripts/Catapult/CataPult.prefab
  artifactKey: Guid(298377f499ba0524483837a3e60ab09f) Importer(815301076,1909f56bfc062723c751e8b465ee728b)
Start importing Assets/Scripts/Catapult/CataPult.prefab using Guid(298377f499ba0524483837a3e60ab09f) Importer(815301076,1909f56bfc062723c751e8b465ee728b)  -> (artifact id: '2eeeea6bdfc93edc0391e638a00e1df3') in 0.018241 seconds 
========================================================================
Received Import Request.
  Time since last request: 5.448669 seconds.
  path: Assets/Scripts/Catapult/CataPult.prefab
  artifactKey: Guid(298377f499ba0524483837a3e60ab09f) Importer(815301076,1909f56bfc062723c751e8b465ee728b)
Start importing Assets/Scripts/Catapult/CataPult.prefab using Guid(298377f499ba0524483837a3e60ab09f) Importer(815301076,1909f56bfc062723c751e8b465ee728b)  -> (artifact id: '2d9c3b9d32e4907b758a7995c5e70299') in 0.020797 seconds 
========================================================================
Received Prepare
Registering precompiled user dll's ...
Registered in 0.005199 seconds.
Begin MonoManager ReloadAssembly
Symbol file LoadedFromMemory doesn't match image C:\Users\WS5\Documents\GitHub\CastleCrasherVR\UnrealUnityProject\Library\PackageCache\com.unity.visualscripting@1.8.0\Editor\VisualScripting.Core\Dependencies\YamlDotNet\Unity.VisualScripting.YamlDotNet.dll
Symbol file LoadedFromMemory doesn't match image C:\Users\WS5\Documents\GitHub\CastleCrasherVR\UnrealUnityProject\Library\PackageCache\com.unity.visualscripting@1.8.0\Editor\VisualScripting.Core\Dependencies\DotNetZip\Unity.VisualScripting.IonicZip.dll
Native extension for WindowsStandalone target not found
Native extension for WebGL target not found
Refreshing native plugins compatible for Editor in 0.58 ms, found 6 plugins.
Preloading 0 native plugins for Editor in 0.00 ms.
Mono: successfully reloaded assembly
- Completed reload, in  0.835 seconds
Domain Reload Profiling:
	ReloadAssembly (835ms)
		BeginReloadAssembly (114ms)
			ExecutionOrderSort (0ms)
			DisableScriptedObjects (3ms)
			BackupInstance (0ms)
			ReleaseScriptingObjects (0ms)
			CreateAndSetChildDomain (29ms)
		EndReloadAssembly (635ms)
			LoadAssemblies (70ms)
			RebuildTransferFunctionScriptingTraits (0ms)
			SetupTypeCache (232ms)
			ReleaseScriptCaches (1ms)
			RebuildScriptCaches (35ms)
			SetupLoadedEditorAssemblies (261ms)
				LogAssemblyErrors (0ms)
				InitializePlatformSupportModulesInManaged (12ms)
				SetLoadedEditorAssemblies (0ms)
				RefreshPlugins (1ms)
				BeforeProcessingInitializeOnLoad (62ms)
				ProcessInitializeOnLoadAttributes (164ms)
				ProcessInitializeOnLoadMethodAttributes (16ms)
				AfterProcessingInitializeOnLoad (6ms)
				EditorAssembliesLoaded (0ms)
			ExecutionOrderSort2 (0ms)
			AwakeInstancesAfterBackupRestoration (6ms)
Platform modules already initialized, skipping
Refreshing native plugins compatible for Editor in 1.54 ms, found 6 plugins.
Preloading 0 native plugins for Editor in 0.00 ms.
Unloading 3361 Unused Serialized files (Serialized files now loaded: 0)
Unloading 23 unused Assets / (10.8 MB). Loaded Objects now: 3881.
Memory consumption went from 148.1 MB to 137.3 MB.
Total: 3.707100 ms (FindLiveObjects: 0.243700 ms CreateObjectMapping: 0.149100 ms MarkObjects: 2.326700 ms  DeleteObjects: 0.986800 ms)

AssetImportParameters requested are different than current active one (requested -> active):
  custom:video-decoder-ogg-theora: a1e56fd34408186e4bbccfd4996cb3dc -> 
  custom:container-muxer-webm: aa71ff27fc2769a1b78a27578f13a17b -> 
  custom:container-demuxer-webm: 4f35f7cbe854078d1ac9338744f61a02 -> 
  custom:video-encoder-webm-vp8: eb34c28f22e8b96e1ab97ce403110664 -> 
  custom:audio-encoder-webm-vorbis: bf7c407c2cedff20999df2af8eb42d56 -> 
  custom:framework-win-MediaFoundation: 216162199b28c13a410421893ffa2e32 -> 
  custom:container-demuxer-ogg: 62fdf1f143b41e24485cea50d1cbac27 -> 
  custom:video-decoder-webm-vp8: 9c59270c3fd7afecdb556c50c9e8de78 -> 
  custom:audio-decoder-ogg-vorbis: bf7c407c2cedff20999df2af8eb42d56 -> 
========================================================================
Received Prepare
Registering precompiled user dll's ...
Registered in 0.005009 seconds.
Begin MonoManager ReloadAssembly
Symbol file LoadedFromMemory doesn't match image C:\Users\WS5\Documents\GitHub\CastleCrasherVR\UnrealUnityProject\Library\PackageCache\com.unity.visualscripting@1.8.0\Editor\VisualScripting.Core\Dependencies\YamlDotNet\Unity.VisualScripting.YamlDotNet.dll
Symbol file LoadedFromMemory doesn't match image C:\Users\WS5\Documents\GitHub\CastleCrasherVR\UnrealUnityProject\Library\PackageCache\com.unity.visualscripting@1.8.0\Editor\VisualScripting.Core\Dependencies\DotNetZip\Unity.VisualScripting.IonicZip.dll
Native extension for WindowsStandalone target not found
Native extension for WebGL target not found
Refreshing native plugins compatible for Editor in 0.64 ms, found 6 plugins.
Preloading 0 native plugins for Editor in 0.00 ms.
Mono: successfully reloaded assembly
- Completed reload, in  1.068 seconds
Domain Reload Profiling:
	ReloadAssembly (1069ms)
		BeginReloadAssembly (128ms)
			ExecutionOrderSort (0ms)
			DisableScriptedObjects (4ms)
			BackupInstance (0ms)
			ReleaseScriptingObjects (0ms)
			CreateAndSetChildDomain (30ms)
		EndReloadAssembly (845ms)
			LoadAssemblies (103ms)
			RebuildTransferFunctionScriptingTraits (0ms)
			SetupTypeCache (288ms)
			ReleaseScriptCaches (1ms)
			RebuildScriptCaches (42ms)
			SetupLoadedEditorAssemblies (371ms)
				LogAssemblyErrors (0ms)
				InitializePlatformSupportModulesInManaged (13ms)
				SetLoadedEditorAssemblies (1ms)
				RefreshPlugins (1ms)
				BeforeProcessingInitializeOnLoad (76ms)
				ProcessInitializeOnLoadAttributes (254ms)
				ProcessInitializeOnLoadMethodAttributes (19ms)
				AfterProcessingInitializeOnLoad (7ms)
				EditorAssembliesLoaded (0ms)
			ExecutionOrderSort2 (0ms)
			AwakeInstancesAfterBackupRestoration (12ms)
Platform modules already initialized, skipping
Refreshing native plugins compatible for Editor in 1.74 ms, found 6 plugins.
Preloading 0 native plugins for Editor in 0.00 ms.
Unloading 3361 Unused Serialized files (Serialized files now loaded: 0)
Unloading 23 unused Assets / (10.8 MB). Loaded Objects now: 3885.
Memory consumption went from 148.1 MB to 137.4 MB.
Total: 3.477500 ms (FindLiveObjects: 0.416000 ms CreateObjectMapping: 0.240600 ms MarkObjects: 2.215400 ms  DeleteObjects: 0.604300 ms)

AssetImportParameters requested are different than current active one (requested -> active):
  custom:video-decoder-ogg-theora: a1e56fd34408186e4bbccfd4996cb3dc -> 
  custom:container-muxer-webm: aa71ff27fc2769a1b78a27578f13a17b -> 
  custom:container-demuxer-webm: 4f35f7cbe854078d1ac9338744f61a02 -> 
  custom:video-encoder-webm-vp8: eb34c28f22e8b96e1ab97ce403110664 -> 
  custom:audio-encoder-webm-vorbis: bf7c407c2cedff20999df2af8eb42d56 -> 
  custom:framework-win-MediaFoundation: 216162199b28c13a410421893ffa2e32 -> 
  custom:container-demuxer-ogg: 62fdf1f143b41e24485cea50d1cbac27 -> 
  custom:video-decoder-webm-vp8: 9c59270c3fd7afecdb556c50c9e8de78 -> 
  custom:audio-decoder-ogg-vorbis: bf7c407c2cedff20999df2af8eb42d56 -> 
========================================================================
Received Prepare
Registering precompiled user dll's ...
Registered in 0.005610 seconds.
Begin MonoManager ReloadAssembly
Symbol file LoadedFromMemory doesn't match image C:\Users\WS5\Documents\GitHub\CastleCrasherVR\UnrealUnityProject\Library\PackageCache\com.unity.visualscripting@1.8.0\Editor\VisualScripting.Core\Dependencies\YamlDotNet\Unity.VisualScripting.YamlDotNet.dll
Symbol file LoadedFromMemory doesn't match image C:\Users\WS5\Documents\GitHub\CastleCrasherVR\UnrealUnityProject\Library\PackageCache\com.unity.visualscripting@1.8.0\Editor\VisualScripting.Core\Dependencies\DotNetZip\Unity.VisualScripting.IonicZip.dll
Native extension for WindowsStandalone target not found
Native extension for WebGL target not found
Refreshing native plugins compatible for Editor in 0.58 ms, found 6 plugins.
Preloading 0 native plugins for Editor in 0.00 ms.
Mono: successfully reloaded assembly
- Completed reload, in  0.884 seconds
Domain Reload Profiling:
	ReloadAssembly (884ms)
		BeginReloadAssembly (118ms)
			ExecutionOrderSort (0ms)
			DisableScriptedObjects (4ms)
			BackupInstance (0ms)
			ReleaseScriptingObjects (0ms)
			CreateAndSetChildDomain (29ms)
		EndReloadAssembly (676ms)
			LoadAssemblies (79ms)
			RebuildTransferFunctionScriptingTraits (0ms)
			SetupTypeCache (249ms)
			ReleaseScriptCaches (1ms)
			RebuildScriptCaches (35ms)
			SetupLoadedEditorAssemblies (278ms)
				LogAssemblyErrors (0ms)
				InitializePlatformSupportModulesInManaged (12ms)
				SetLoadedEditorAssemblies (0ms)
				RefreshPlugins (1ms)
				BeforeProcessingInitializeOnLoad (65ms)
				ProcessInitializeOnLoadAttributes (176ms)
				ProcessInitializeOnLoadMethodAttributes (17ms)
				AfterProcessingInitializeOnLoad (7ms)
				EditorAssembliesLoaded (0ms)
			ExecutionOrderSort2 (0ms)
			AwakeInstancesAfterBackupRestoration (6ms)
Platform modules already initialized, skipping
Refreshing native plugins compatible for Editor in 1.76 ms, found 6 plugins.
Preloading 0 native plugins for Editor in 0.00 ms.
Unloading 3361 Unused Serialized files (Serialized files now loaded: 0)
Unloading 23 unused Assets / (10.8 MB). Loaded Objects now: 3889.
Memory consumption went from 148.1 MB to 137.4 MB.
Total: 3.104900 ms (FindLiveObjects: 0.284800 ms CreateObjectMapping: 0.180700 ms MarkObjects: 1.972800 ms  DeleteObjects: 0.665700 ms)

AssetImportParameters requested are different than current active one (requested -> active):
  custom:video-decoder-ogg-theora: a1e56fd34408186e4bbccfd4996cb3dc -> 
  custom:container-muxer-webm: aa71ff27fc2769a1b78a27578f13a17b -> 
  custom:container-demuxer-webm: 4f35f7cbe854078d1ac9338744f61a02 -> 
  custom:video-encoder-webm-vp8: eb34c28f22e8b96e1ab97ce403110664 -> 
  custom:audio-encoder-webm-vorbis: bf7c407c2cedff20999df2af8eb42d56 -> 
  custom:framework-win-MediaFoundation: 216162199b28c13a410421893ffa2e32 -> 
  custom:container-demuxer-ogg: 62fdf1f143b41e24485cea50d1cbac27 -> 
  custom:video-decoder-webm-vp8: 9c59270c3fd7afecdb556c50c9e8de78 -> 
  custom:audio-decoder-ogg-vorbis: bf7c407c2cedff20999df2af8eb42d56 -> 
========================================================================
Received Prepare
Registering precompiled user dll's ...
Registered in 0.005393 seconds.
Begin MonoManager ReloadAssembly
Symbol file LoadedFromMemory doesn't match image C:\Users\WS5\Documents\GitHub\CastleCrasherVR\UnrealUnityProject\Library\PackageCache\com.unity.visualscripting@1.8.0\Editor\VisualScripting.Core\Dependencies\YamlDotNet\Unity.VisualScripting.YamlDotNet.dll
Symbol file LoadedFromMemory doesn't match image C:\Users\WS5\Documents\GitHub\CastleCrasherVR\UnrealUnityProject\Library\PackageCache\com.unity.visualscripting@1.8.0\Editor\VisualScripting.Core\Dependencies\DotNetZip\Unity.VisualScripting.IonicZip.dll
Native extension for WindowsStandalone target not found
Native extension for WebGL target not found
Refreshing native plugins compatible for Editor in 0.57 ms, found 6 plugins.
Preloading 0 native plugins for Editor in 0.00 ms.
Mono: successfully reloaded assembly
- Completed reload, in  0.868 seconds
Domain Reload Profiling:
	ReloadAssembly (868ms)
		BeginReloadAssembly (115ms)
			ExecutionOrderSort (0ms)
			DisableScriptedObjects (4ms)
			BackupInstance (0ms)
			ReleaseScriptingObjects (0ms)
			CreateAndSetChildDomain (28ms)
		EndReloadAssembly (666ms)
			LoadAssemblies (76ms)
			RebuildTransferFunctionScriptingTraits (0ms)
			SetupTypeCache (242ms)
			ReleaseScriptCaches (1ms)
			RebuildScriptCaches (37ms)
			SetupLoadedEditorAssemblies (273ms)
				LogAssemblyErrors (0ms)
				InitializePlatformSupportModulesInManaged (12ms)
				SetLoadedEditorAssemblies (0ms)
				RefreshPlugins (1ms)
				BeforeProcessingInitializeOnLoad (65ms)
				ProcessInitializeOnLoadAttributes (172ms)
				ProcessInitializeOnLoadMethodAttributes (16ms)
				AfterProcessingInitializeOnLoad (7ms)
				EditorAssembliesLoaded (0ms)
			ExecutionOrderSort2 (0ms)
			AwakeInstancesAfterBackupRestoration (5ms)
Platform modules already initialized, skipping
Refreshing native plugins compatible for Editor in 1.70 ms, found 6 plugins.
Preloading 0 native plugins for Editor in 0.00 ms.
Unloading 3361 Unused Serialized files (Serialized files now loaded: 0)
Unloading 23 unused Assets / (10.7 MB). Loaded Objects now: 3893.
Memory consumption went from 148.0 MB to 137.4 MB.
Total: 3.191200 ms (FindLiveObjects: 0.256800 ms CreateObjectMapping: 0.161700 ms MarkObjects: 2.001400 ms  DeleteObjects: 0.770600 ms)

AssetImportParameters requested are different than current active one (requested -> active):
  custom:video-decoder-ogg-theora: a1e56fd34408186e4bbccfd4996cb3dc -> 
  custom:container-muxer-webm: aa71ff27fc2769a1b78a27578f13a17b -> 
  custom:container-demuxer-webm: 4f35f7cbe854078d1ac9338744f61a02 -> 
  custom:video-encoder-webm-vp8: eb34c28f22e8b96e1ab97ce403110664 -> 
  custom:audio-encoder-webm-vorbis: bf7c407c2cedff20999df2af8eb42d56 -> 
  custom:framework-win-MediaFoundation: 216162199b28c13a410421893ffa2e32 -> 
  custom:container-demuxer-ogg: 62fdf1f143b41e24485cea50d1cbac27 -> 
  custom:video-decoder-webm-vp8: 9c59270c3fd7afecdb556c50c9e8de78 -> 
  custom:audio-decoder-ogg-vorbis: bf7c407c2cedff20999df2af8eb42d56 -> 
========================================================================
Received Prepare
Registering precompiled user dll's ...
Registered in 0.006276 seconds.
Begin MonoManager ReloadAssembly
Symbol file LoadedFromMemory doesn't match image C:\Users\WS5\Documents\GitHub\CastleCrasherVR\UnrealUnityProject\Library\PackageCache\com.unity.visualscripting@1.8.0\Editor\VisualScripting.Core\Dependencies\YamlDotNet\Unity.VisualScripting.YamlDotNet.dll
Symbol file LoadedFromMemory doesn't match image C:\Users\WS5\Documents\GitHub\CastleCrasherVR\UnrealUnityProject\Library\PackageCache\com.unity.visualscripting@1.8.0\Editor\VisualScripting.Core\Dependencies\DotNetZip\Unity.VisualScripting.IonicZip.dll
Native extension for WindowsStandalone target not found
Native extension for WebGL target not found
Refreshing native plugins compatible for Editor in 0.67 ms, found 6 plugins.
Preloading 0 native plugins for Editor in 0.00 ms.
Mono: successfully reloaded assembly
- Completed reload, in  0.829 seconds
Domain Reload Profiling:
	ReloadAssembly (830ms)
		BeginReloadAssembly (112ms)
			ExecutionOrderSort (0ms)
			DisableScriptedObjects (4ms)
			BackupInstance (0ms)
			ReleaseScriptingObjects (0ms)
			CreateAndSetChildDomain (28ms)
		EndReloadAssembly (635ms)
			LoadAssemblies (72ms)
			RebuildTransferFunctionScriptingTraits (0ms)
			SetupTypeCache (226ms)
			ReleaseScriptCaches (1ms)
			RebuildScriptCaches (35ms)
			SetupLoadedEditorAssemblies (267ms)
				LogAssemblyErrors (0ms)
				InitializePlatformSupportModulesInManaged (12ms)
				SetLoadedEditorAssemblies (0ms)
				RefreshPlugins (1ms)
				BeforeProcessingInitializeOnLoad (66ms)
				ProcessInitializeOnLoadAttributes (164ms)
				ProcessInitializeOnLoadMethodAttributes (16ms)
				AfterProcessingInitializeOnLoad (6ms)
				EditorAssembliesLoaded (0ms)
			ExecutionOrderSort2 (0ms)
			AwakeInstancesAfterBackupRestoration (5ms)
Platform modules already initialized, skipping
Refreshing native plugins compatible for Editor in 1.64 ms, found 6 plugins.
Preloading 0 native plugins for Editor in 0.00 ms.
Unloading 3361 Unused Serialized files (Serialized files now loaded: 0)
Unloading 23 unused Assets / (10.7 MB). Loaded Objects now: 3897.
Memory consumption went from 148.1 MB to 137.4 MB.
Total: 3.164200 ms (FindLiveObjects: 0.268300 ms CreateObjectMapping: 0.190100 ms MarkObjects: 1.968200 ms  DeleteObjects: 0.736900 ms)

AssetImportParameters requested are different than current active one (requested -> active):
  custom:video-decoder-ogg-theora: a1e56fd34408186e4bbccfd4996cb3dc -> 
  custom:container-muxer-webm: aa71ff27fc2769a1b78a27578f13a17b -> 
  custom:container-demuxer-webm: 4f35f7cbe854078d1ac9338744f61a02 -> 
  custom:video-encoder-webm-vp8: eb34c28f22e8b96e1ab97ce403110664 -> 
  custom:audio-encoder-webm-vorbis: bf7c407c2cedff20999df2af8eb42d56 -> 
  custom:framework-win-MediaFoundation: 216162199b28c13a410421893ffa2e32 -> 
  custom:container-demuxer-ogg: 62fdf1f143b41e24485cea50d1cbac27 -> 
  custom:video-decoder-webm-vp8: 9c59270c3fd7afecdb556c50c9e8de78 -> 
  custom:audio-decoder-ogg-vorbis: bf7c407c2cedff20999df2af8eb42d56 -> 
========================================================================
Received Prepare
Registering precompiled user dll's ...
Registered in 0.005565 seconds.
Begin MonoManager ReloadAssembly
Symbol file LoadedFromMemory doesn't match image C:\Users\WS5\Documents\GitHub\CastleCrasherVR\UnrealUnityProject\Library\PackageCache\com.unity.visualscripting@1.8.0\Editor\VisualScripting.Core\Dependencies\YamlDotNet\Unity.VisualScripting.YamlDotNet.dll
Symbol file LoadedFromMemory doesn't match image C:\Users\WS5\Documents\GitHub\CastleCrasherVR\UnrealUnityProject\Library\PackageCache\com.unity.visualscripting@1.8.0\Editor\VisualScripting.Core\Dependencies\DotNetZip\Unity.VisualScripting.IonicZip.dll
Native extension for WindowsStandalone target not found
Native extension for WebGL target not found
Refreshing native plugins compatible for Editor in 0.56 ms, found 6 plugins.
Preloading 0 native plugins for Editor in 0.00 ms.
Mono: successfully reloaded assembly
- Completed reload, in  0.828 seconds
Domain Reload Profiling:
	ReloadAssembly (829ms)
		BeginReloadAssembly (114ms)
			ExecutionOrderSort (0ms)
			DisableScriptedObjects (4ms)
			BackupInstance (0ms)
			ReleaseScriptingObjects (0ms)
			CreateAndSetChildDomain (29ms)
		EndReloadAssembly (632ms)
			LoadAssemblies (71ms)
			RebuildTransferFunctionScriptingTraits (0ms)
			SetupTypeCache (226ms)
			ReleaseScriptCaches (1ms)
			RebuildScriptCaches (37ms)
			SetupLoadedEditorAssemblies (265ms)
				LogAssemblyErrors (0ms)
				InitializePlatformSupportModulesInManaged (12ms)
				SetLoadedEditorAssemblies (0ms)
				RefreshPlugins (1ms)
				BeforeProcessingInitializeOnLoad (66ms)
				ProcessInitializeOnLoadAttributes (163ms)
				ProcessInitializeOnLoadMethodAttributes (17ms)
				AfterProcessingInitializeOnLoad (6ms)
				EditorAssembliesLoaded (0ms)
			ExecutionOrderSort2 (0ms)
			AwakeInstancesAfterBackupRestoration (5ms)
Platform modules already initialized, skipping
Refreshing native plugins compatible for Editor in 1.74 ms, found 6 plugins.
Preloading 0 native plugins for Editor in 0.00 ms.
Unloading 3361 Unused Serialized files (Serialized files now loaded: 0)
Unloading 23 unused Assets / (10.7 MB). Loaded Objects now: 3901.
Memory consumption went from 148.1 MB to 137.4 MB.
Total: 3.117500 ms (FindLiveObjects: 0.281700 ms CreateObjectMapping: 0.239500 ms MarkObjects: 1.917000 ms  DeleteObjects: 0.678300 ms)

AssetImportParameters requested are different than current active one (requested -> active):
  custom:video-decoder-ogg-theora: a1e56fd34408186e4bbccfd4996cb3dc -> 
  custom:container-muxer-webm: aa71ff27fc2769a1b78a27578f13a17b -> 
  custom:container-demuxer-webm: 4f35f7cbe854078d1ac9338744f61a02 -> 
  custom:video-encoder-webm-vp8: eb34c28f22e8b96e1ab97ce403110664 -> 
  custom:audio-encoder-webm-vorbis: bf7c407c2cedff20999df2af8eb42d56 -> 
  custom:framework-win-MediaFoundation: 216162199b28c13a410421893ffa2e32 -> 
  custom:container-demuxer-ogg: 62fdf1f143b41e24485cea50d1cbac27 -> 
  custom:video-decoder-webm-vp8: 9c59270c3fd7afecdb556c50c9e8de78 -> 
  custom:audio-decoder-ogg-vorbis: bf7c407c2cedff20999df2af8eb42d56 -> 
========================================================================
Received Import Request.
  Time since last request: 190.531355 seconds.
  path: Assets/Scripts/Catapult/CataPult.prefab
  artifactKey: Guid(298377f499ba0524483837a3e60ab09f) Importer(815301076,1909f56bfc062723c751e8b465ee728b)
Start importing Assets/Scripts/Catapult/CataPult.prefab using Guid(298377f499ba0524483837a3e60ab09f) Importer(815301076,1909f56bfc062723c751e8b465ee728b)  -> (artifact id: '35792f636116f694708e61db50a68a78') in 0.121202 seconds 
========================================================================
Received Import Request.
  Time since last request: 1.695996 seconds.
  path: Assets/Scripts/Catapult/CataPult.prefab
  artifactKey: Guid(298377f499ba0524483837a3e60ab09f) Importer(815301076,1909f56bfc062723c751e8b465ee728b)
Start importing Assets/Scripts/Catapult/CataPult.prefab using Guid(298377f499ba0524483837a3e60ab09f) Importer(815301076,1909f56bfc062723c751e8b465ee728b)  -> (artifact id: 'a930e1f46d7c2beeb2bd9524b4e1d07e') in 0.018245 seconds 
========================================================================
Received Import Request.
  Time since last request: 1.811865 seconds.
  path: Assets/Scripts/Catapult/CataPult.prefab
  artifactKey: Guid(298377f499ba0524483837a3e60ab09f) Importer(815301076,1909f56bfc062723c751e8b465ee728b)
Start importing Assets/Scripts/Catapult/CataPult.prefab using Guid(298377f499ba0524483837a3e60ab09f) Importer(815301076,1909f56bfc062723c751e8b465ee728b)  -> (artifact id: '575e711404628c47e476bda88e09533d') in 0.020097 seconds 
========================================================================
Received Import Request.
  Time since last request: 3.030765 seconds.
  path: Assets/Scripts/Catapult/CataPult.prefab
  artifactKey: Guid(298377f499ba0524483837a3e60ab09f) Importer(815301076,1909f56bfc062723c751e8b465ee728b)
Start importing Assets/Scripts/Catapult/CataPult.prefab using Guid(298377f499ba0524483837a3e60ab09f) Importer(815301076,1909f56bfc062723c751e8b465ee728b)  -> (artifact id: 'f740fd50ca27d5810a7cbace5d1ff064') in 0.016134 seconds 
========================================================================
Received Prepare
Registering precompiled user dll's ...
Registered in 0.004757 seconds.
Begin MonoManager ReloadAssembly
Symbol file LoadedFromMemory doesn't match image C:\Users\WS5\Documents\GitHub\CastleCrasherVR\UnrealUnityProject\Library\PackageCache\com.unity.visualscripting@1.8.0\Editor\VisualScripting.Core\Dependencies\YamlDotNet\Unity.VisualScripting.YamlDotNet.dll
Symbol file LoadedFromMemory doesn't match image C:\Users\WS5\Documents\GitHub\CastleCrasherVR\UnrealUnityProject\Library\PackageCache\com.unity.visualscripting@1.8.0\Editor\VisualScripting.Core\Dependencies\DotNetZip\Unity.VisualScripting.IonicZip.dll
Native extension for WindowsStandalone target not found
Native extension for WebGL target not found
Refreshing native plugins compatible for Editor in 0.58 ms, found 6 plugins.
Preloading 0 native plugins for Editor in 0.00 ms.
Mono: successfully reloaded assembly
- Completed reload, in  0.817 seconds
Domain Reload Profiling:
	ReloadAssembly (818ms)
		BeginReloadAssembly (109ms)
			ExecutionOrderSort (0ms)
			DisableScriptedObjects (3ms)
			BackupInstance (0ms)
			ReleaseScriptingObjects (0ms)
			CreateAndSetChildDomain (30ms)
		EndReloadAssembly (626ms)
			LoadAssemblies (66ms)
			RebuildTransferFunctionScriptingTraits (0ms)
			SetupTypeCache (224ms)
			ReleaseScriptCaches (1ms)
			RebuildScriptCaches (35ms)
			SetupLoadedEditorAssemblies (263ms)
				LogAssemblyErrors (0ms)
				InitializePlatformSupportModulesInManaged (12ms)
				SetLoadedEditorAssemblies (0ms)
				RefreshPlugins (1ms)
				BeforeProcessingInitializeOnLoad (65ms)
				ProcessInitializeOnLoadAttributes (163ms)
				ProcessInitializeOnLoadMethodAttributes (16ms)
				AfterProcessingInitializeOnLoad (6ms)
				EditorAssembliesLoaded (0ms)
			ExecutionOrderSort2 (0ms)
			AwakeInstancesAfterBackupRestoration (5ms)
Platform modules already initialized, skipping
Refreshing native plugins compatible for Editor in 1.80 ms, found 6 plugins.
Preloading 0 native plugins for Editor in 0.00 ms.
Unloading 3361 Unused Serialized files (Serialized files now loaded: 0)
Unloading 23 unused Assets / (10.7 MB). Loaded Objects now: 3905.
Memory consumption went from 148.2 MB to 137.5 MB.
Total: 3.168300 ms (FindLiveObjects: 0.258900 ms CreateObjectMapping: 0.165000 ms MarkObjects: 2.076500 ms  DeleteObjects: 0.667200 ms)

AssetImportParameters requested are different than current active one (requested -> active):
  custom:video-decoder-ogg-theora: a1e56fd34408186e4bbccfd4996cb3dc -> 
  custom:container-muxer-webm: aa71ff27fc2769a1b78a27578f13a17b -> 
  custom:container-demuxer-webm: 4f35f7cbe854078d1ac9338744f61a02 -> 
  custom:video-encoder-webm-vp8: eb34c28f22e8b96e1ab97ce403110664 -> 
  custom:audio-encoder-webm-vorbis: bf7c407c2cedff20999df2af8eb42d56 -> 
  custom:framework-win-MediaFoundation: 216162199b28c13a410421893ffa2e32 -> 
  custom:container-demuxer-ogg: 62fdf1f143b41e24485cea50d1cbac27 -> 
  custom:video-decoder-webm-vp8: 9c59270c3fd7afecdb556c50c9e8de78 -> 
  custom:audio-decoder-ogg-vorbis: bf7c407c2cedff20999df2af8eb42d56 -> 
========================================================================
Received Import Request.
  Time since last request: 54.347458 seconds.
  path: Assets/Scripts/Catapult/CataPult.prefab
  artifactKey: Guid(298377f499ba0524483837a3e60ab09f) Importer(815301076,1909f56bfc062723c751e8b465ee728b)
Start importing Assets/Scripts/Catapult/CataPult.prefab using Guid(298377f499ba0524483837a3e60ab09f) Importer(815301076,1909f56bfc062723c751e8b465ee728b)  -> (artifact id: '7e8d42adc92c3b8463da852f31cd6b69') in 0.103309 seconds 
========================================================================
Received Import Request.
  Time since last request: 2.677352 seconds.
  path: Assets/Scripts/Catapult/CataPult.prefab
  artifactKey: Guid(298377f499ba0524483837a3e60ab09f) Importer(815301076,1909f56bfc062723c751e8b465ee728b)
Start importing Assets/Scripts/Catapult/CataPult.prefab using Guid(298377f499ba0524483837a3e60ab09f) Importer(815301076,1909f56bfc062723c751e8b465ee728b)  -> (artifact id: '785f382e839a7fe00b9fd99e4f8343c2') in 0.022925 seconds 
========================================================================
Received Prepare
Registering precompiled user dll's ...
Registered in 0.004421 seconds.
Begin MonoManager ReloadAssembly
Symbol file LoadedFromMemory doesn't match image C:\Users\WS5\Documents\GitHub\CastleCrasherVR\UnrealUnityProject\Library\PackageCache\com.unity.visualscripting@1.8.0\Editor\VisualScripting.Core\Dependencies\YamlDotNet\Unity.VisualScripting.YamlDotNet.dll
Symbol file LoadedFromMemory doesn't match image C:\Users\WS5\Documents\GitHub\CastleCrasherVR\UnrealUnityProject\Library\PackageCache\com.unity.visualscripting@1.8.0\Editor\VisualScripting.Core\Dependencies\DotNetZip\Unity.VisualScripting.IonicZip.dll
Native extension for WindowsStandalone target not found
Native extension for WebGL target not found
Refreshing native plugins compatible for Editor in 0.59 ms, found 6 plugins.
Preloading 0 native plugins for Editor in 0.00 ms.
Mono: successfully reloaded assembly
- Completed reload, in  0.824 seconds
Domain Reload Profiling:
	ReloadAssembly (825ms)
		BeginReloadAssembly (111ms)
			ExecutionOrderSort (0ms)
			DisableScriptedObjects (3ms)
			BackupInstance (0ms)
			ReleaseScriptingObjects (0ms)
			CreateAndSetChildDomain (31ms)
		EndReloadAssembly (631ms)
			LoadAssemblies (67ms)
			RebuildTransferFunctionScriptingTraits (0ms)
			SetupTypeCache (224ms)
			ReleaseScriptCaches (1ms)
			RebuildScriptCaches (36ms)
			SetupLoadedEditorAssemblies (265ms)
				LogAssemblyErrors (0ms)
				InitializePlatformSupportModulesInManaged (12ms)
				SetLoadedEditorAssemblies (0ms)
				RefreshPlugins (1ms)
				BeforeProcessingInitializeOnLoad (63ms)
				ProcessInitializeOnLoadAttributes (166ms)
				ProcessInitializeOnLoadMethodAttributes (16ms)
				AfterProcessingInitializeOnLoad (8ms)
				EditorAssembliesLoaded (0ms)
			ExecutionOrderSort2 (0ms)
			AwakeInstancesAfterBackupRestoration (6ms)
Platform modules already initialized, skipping
Refreshing native plugins compatible for Editor in 1.74 ms, found 6 plugins.
Preloading 0 native plugins for Editor in 0.00 ms.
Unloading 3361 Unused Serialized files (Serialized files now loaded: 0)
Unloading 23 unused Assets / (10.7 MB). Loaded Objects now: 3909.
Memory consumption went from 148.2 MB to 137.5 MB.
Total: 3.065700 ms (FindLiveObjects: 0.262500 ms CreateObjectMapping: 0.169000 ms MarkObjects: 1.973500 ms  DeleteObjects: 0.659800 ms)

AssetImportParameters requested are different than current active one (requested -> active):
  custom:video-decoder-ogg-theora: a1e56fd34408186e4bbccfd4996cb3dc -> 
  custom:container-muxer-webm: aa71ff27fc2769a1b78a27578f13a17b -> 
  custom:container-demuxer-webm: 4f35f7cbe854078d1ac9338744f61a02 -> 
  custom:video-encoder-webm-vp8: eb34c28f22e8b96e1ab97ce403110664 -> 
  custom:audio-encoder-webm-vorbis: bf7c407c2cedff20999df2af8eb42d56 -> 
  custom:framework-win-MediaFoundation: 216162199b28c13a410421893ffa2e32 -> 
  custom:container-demuxer-ogg: 62fdf1f143b41e24485cea50d1cbac27 -> 
  custom:video-decoder-webm-vp8: 9c59270c3fd7afecdb556c50c9e8de78 -> 
  custom:audio-decoder-ogg-vorbis: bf7c407c2cedff20999df2af8eb42d56 -> 
========================================================================
Received Prepare
Registering precompiled user dll's ...
Registered in 0.005791 seconds.
Begin MonoManager ReloadAssembly
Symbol file LoadedFromMemory doesn't match image C:\Users\WS5\Documents\GitHub\CastleCrasherVR\UnrealUnityProject\Library\PackageCache\com.unity.visualscripting@1.8.0\Editor\VisualScripting.Core\Dependencies\YamlDotNet\Unity.VisualScripting.YamlDotNet.dll
Symbol file LoadedFromMemory doesn't match image C:\Users\WS5\Documents\GitHub\CastleCrasherVR\UnrealUnityProject\Library\PackageCache\com.unity.visualscripting@1.8.0\Editor\VisualScripting.Core\Dependencies\DotNetZip\Unity.VisualScripting.IonicZip.dll
Native extension for WindowsStandalone target not found
Native extension for WebGL target not found
Refreshing native plugins compatible for Editor in 0.59 ms, found 6 plugins.
Preloading 0 native plugins for Editor in 0.00 ms.
Mono: successfully reloaded assembly
- Completed reload, in  0.832 seconds
Domain Reload Profiling:
	ReloadAssembly (832ms)
		BeginReloadAssembly (116ms)
			ExecutionOrderSort (0ms)
			DisableScriptedObjects (4ms)
			BackupInstance (0ms)
			ReleaseScriptingObjects (0ms)
			CreateAndSetChildDomain (30ms)
		EndReloadAssembly (633ms)
			LoadAssemblies (70ms)
			RebuildTransferFunctionScriptingTraits (0ms)
			SetupTypeCache (228ms)
			ReleaseScriptCaches (1ms)
			RebuildScriptCaches (34ms)
			SetupLoadedEditorAssemblies (263ms)
				LogAssemblyErrors (0ms)
				InitializePlatformSupportModulesInManaged (13ms)
				SetLoadedEditorAssemblies (0ms)
				RefreshPlugins (1ms)
				BeforeProcessingInitializeOnLoad (63ms)
				ProcessInitializeOnLoadAttributes (163ms)
				ProcessInitializeOnLoadMethodAttributes (16ms)
				AfterProcessingInitializeOnLoad (7ms)
				EditorAssembliesLoaded (0ms)
			ExecutionOrderSort2 (0ms)
			AwakeInstancesAfterBackupRestoration (6ms)
Platform modules already initialized, skipping
Refreshing native plugins compatible for Editor in 1.70 ms, found 6 plugins.
Preloading 0 native plugins for Editor in 0.00 ms.
Unloading 3361 Unused Serialized files (Serialized files now loaded: 0)
Unloading 23 unused Assets / (10.7 MB). Loaded Objects now: 3913.
Memory consumption went from 148.2 MB to 137.5 MB.
Total: 3.145000 ms (FindLiveObjects: 0.280300 ms CreateObjectMapping: 0.207800 ms MarkObjects: 2.027500 ms  DeleteObjects: 0.628500 ms)

AssetImportParameters requested are different than current active one (requested -> active):
  custom:video-decoder-ogg-theora: a1e56fd34408186e4bbccfd4996cb3dc -> 
  custom:container-muxer-webm: aa71ff27fc2769a1b78a27578f13a17b -> 
  custom:container-demuxer-webm: 4f35f7cbe854078d1ac9338744f61a02 -> 
  custom:video-encoder-webm-vp8: eb34c28f22e8b96e1ab97ce403110664 -> 
  custom:audio-encoder-webm-vorbis: bf7c407c2cedff20999df2af8eb42d56 -> 
  custom:framework-win-MediaFoundation: 216162199b28c13a410421893ffa2e32 -> 
  custom:container-demuxer-ogg: 62fdf1f143b41e24485cea50d1cbac27 -> 
  custom:video-decoder-webm-vp8: 9c59270c3fd7afecdb556c50c9e8de78 -> 
  custom:audio-decoder-ogg-vorbis: bf7c407c2cedff20999df2af8eb42d56 -> 
========================================================================
Received Prepare
Registering precompiled user dll's ...
Registered in 0.005726 seconds.
Begin MonoManager ReloadAssembly
Symbol file LoadedFromMemory doesn't match image C:\Users\WS5\Documents\GitHub\CastleCrasherVR\UnrealUnityProject\Library\PackageCache\com.unity.visualscripting@1.8.0\Editor\VisualScripting.Core\Dependencies\YamlDotNet\Unity.VisualScripting.YamlDotNet.dll
Symbol file LoadedFromMemory doesn't match image C:\Users\WS5\Documents\GitHub\CastleCrasherVR\UnrealUnityProject\Library\PackageCache\com.unity.visualscripting@1.8.0\Editor\VisualScripting.Core\Dependencies\DotNetZip\Unity.VisualScripting.IonicZip.dll
Native extension for WindowsStandalone target not found
Native extension for WebGL target not found
Refreshing native plugins compatible for Editor in 0.58 ms, found 6 plugins.
Preloading 0 native plugins for Editor in 0.00 ms.
Mono: successfully reloaded assembly
- Completed reload, in  0.831 seconds
Domain Reload Profiling:
	ReloadAssembly (832ms)
		BeginReloadAssembly (106ms)
			ExecutionOrderSort (0ms)
			DisableScriptedObjects (3ms)
			BackupInstance (0ms)
			ReleaseScriptingObjects (0ms)
			CreateAndSetChildDomain (26ms)
		EndReloadAssembly (643ms)
			LoadAssemblies (66ms)
			RebuildTransferFunctionScriptingTraits (0ms)
			SetupTypeCache (222ms)
			ReleaseScriptCaches (1ms)
			RebuildScriptCaches (34ms)
			SetupLoadedEditorAssemblies (281ms)
				LogAssemblyErrors (0ms)
				InitializePlatformSupportModulesInManaged (12ms)
				SetLoadedEditorAssemblies (0ms)
				RefreshPlugins (1ms)
				BeforeProcessingInitializeOnLoad (63ms)
				ProcessInitializeOnLoadAttributes (178ms)
				ProcessInitializeOnLoadMethodAttributes (19ms)
				AfterProcessingInitializeOnLoad (7ms)
				EditorAssembliesLoaded (0ms)
			ExecutionOrderSort2 (0ms)
			AwakeInstancesAfterBackupRestoration (6ms)
Platform modules already initialized, skipping
Refreshing native plugins compatible for Editor in 1.67 ms, found 6 plugins.
Preloading 0 native plugins for Editor in 0.00 ms.
Unloading 3361 Unused Serialized files (Serialized files now loaded: 0)
Unloading 23 unused Assets / (10.7 MB). Loaded Objects now: 3917.
Memory consumption went from 148.3 MB to 137.5 MB.
Total: 2.986800 ms (FindLiveObjects: 0.269800 ms CreateObjectMapping: 0.182100 ms MarkObjects: 1.896000 ms  DeleteObjects: 0.638300 ms)

AssetImportParameters requested are different than current active one (requested -> active):
  custom:video-decoder-ogg-theora: a1e56fd34408186e4bbccfd4996cb3dc -> 
  custom:container-muxer-webm: aa71ff27fc2769a1b78a27578f13a17b -> 
  custom:container-demuxer-webm: 4f35f7cbe854078d1ac9338744f61a02 -> 
  custom:video-encoder-webm-vp8: eb34c28f22e8b96e1ab97ce403110664 -> 
  custom:audio-encoder-webm-vorbis: bf7c407c2cedff20999df2af8eb42d56 -> 
  custom:framework-win-MediaFoundation: 216162199b28c13a410421893ffa2e32 -> 
  custom:container-demuxer-ogg: 62fdf1f143b41e24485cea50d1cbac27 -> 
  custom:video-decoder-webm-vp8: 9c59270c3fd7afecdb556c50c9e8de78 -> 
  custom:audio-decoder-ogg-vorbis: bf7c407c2cedff20999df2af8eb42d56 -> 
========================================================================
Received Import Request.
  Time since last request: 44.046517 seconds.
  path: Assets/Scripts/Catapult/CoolLeverScript.cs
  artifactKey: Guid(f29ca40e6f60ef44998cf936bc52be6b) Importer(815301076,1909f56bfc062723c751e8b465ee728b)
Start importing Assets/Scripts/Catapult/CoolLeverScript.cs using Guid(f29ca40e6f60ef44998cf936bc52be6b) Importer(815301076,1909f56bfc062723c751e8b465ee728b)  -> (artifact id: 'd79b018eb910313a49556be58d4f2906') in 0.015567 seconds 
========================================================================
Received Import Request.
  Time since last request: 6.148521 seconds.
  path: Assets/Scripts/Catapult/CataPult.prefab
  artifactKey: Guid(298377f499ba0524483837a3e60ab09f) Importer(815301076,1909f56bfc062723c751e8b465ee728b)
Start importing Assets/Scripts/Catapult/CataPult.prefab using Guid(298377f499ba0524483837a3e60ab09f) Importer(815301076,1909f56bfc062723c751e8b465ee728b) Tried select unknown importer for id '-2' '00000000000000000000000000000000'
 -> (artifact id: '96ea8c353d30b0cda31458225f2c2a8f') in 0.101702 seconds 
========================================================================
Received Prepare
Registering precompiled user dll's ...
Registered in 0.004675 seconds.
Begin MonoManager ReloadAssembly
Symbol file LoadedFromMemory doesn't match image C:\Users\WS5\Documents\GitHub\CastleCrasherVR\UnrealUnityProject\Library\PackageCache\com.unity.visualscripting@1.8.0\Editor\VisualScripting.Core\Dependencies\YamlDotNet\Unity.VisualScripting.YamlDotNet.dll
Symbol file LoadedFromMemory doesn't match image C:\Users\WS5\Documents\GitHub\CastleCrasherVR\UnrealUnityProject\Library\PackageCache\com.unity.visualscripting@1.8.0\Editor\VisualScripting.Core\Dependencies\DotNetZip\Unity.VisualScripting.IonicZip.dll
Native extension for WindowsStandalone target not found
Native extension for WebGL target not found
Refreshing native plugins compatible for Editor in 0.64 ms, found 6 plugins.
Preloading 0 native plugins for Editor in 0.00 ms.
Mono: successfully reloaded assembly
- Completed reload, in  0.874 seconds
Domain Reload Profiling:
	ReloadAssembly (874ms)
		BeginReloadAssembly (109ms)
			ExecutionOrderSort (0ms)
			DisableScriptedObjects (4ms)
			BackupInstance (0ms)
			ReleaseScriptingObjects (0ms)
			CreateAndSetChildDomain (28ms)
		EndReloadAssembly (679ms)
			LoadAssemblies (70ms)
			RebuildTransferFunctionScriptingTraits (0ms)
			SetupTypeCache (251ms)
			ReleaseScriptCaches (1ms)
			RebuildScriptCaches (42ms)
			SetupLoadedEditorAssemblies (274ms)
				LogAssemblyErrors (0ms)
				InitializePlatformSupportModulesInManaged (12ms)
				SetLoadedEditorAssemblies (0ms)
				RefreshPlugins (1ms)
				BeforeProcessingInitializeOnLoad (63ms)
				ProcessInitializeOnLoadAttributes (172ms)
				ProcessInitializeOnLoadMethodAttributes (18ms)
				AfterProcessingInitializeOnLoad (7ms)
				EditorAssembliesLoaded (0ms)
			ExecutionOrderSort2 (0ms)
			AwakeInstancesAfterBackupRestoration (6ms)
Platform modules already initialized, skipping
Refreshing native plugins compatible for Editor in 1.72 ms, found 6 plugins.
Preloading 0 native plugins for Editor in 0.00 ms.
Unloading 3358 Unused Serialized files (Serialized files now loaded: 0)
Unloading 26 unused Assets / (10.7 MB). Loaded Objects now: 3918.
Memory consumption went from 148.4 MB to 137.6 MB.
Total: 3.120800 ms (FindLiveObjects: 0.308100 ms CreateObjectMapping: 0.158700 ms MarkObjects: 1.982600 ms  DeleteObjects: 0.670700 ms)

AssetImportParameters requested are different than current active one (requested -> active):
  custom:video-decoder-ogg-theora: a1e56fd34408186e4bbccfd4996cb3dc -> 
  custom:container-muxer-webm: aa71ff27fc2769a1b78a27578f13a17b -> 
  custom:container-demuxer-webm: 4f35f7cbe854078d1ac9338744f61a02 -> 
  custom:video-encoder-webm-vp8: eb34c28f22e8b96e1ab97ce403110664 -> 
  custom:audio-encoder-webm-vorbis: bf7c407c2cedff20999df2af8eb42d56 -> 
  custom:framework-win-MediaFoundation: 216162199b28c13a410421893ffa2e32 -> 
  custom:container-demuxer-ogg: 62fdf1f143b41e24485cea50d1cbac27 -> 
  custom:video-decoder-webm-vp8: 9c59270c3fd7afecdb556c50c9e8de78 -> 
  custom:audio-decoder-ogg-vorbis: bf7c407c2cedff20999df2af8eb42d56 -> 
========================================================================
Received Import Request.
  Time since last request: 58.702678 seconds.
  path: Assets/Scripts/Catapult/CataPult.prefab
  artifactKey: Guid(298377f499ba0524483837a3e60ab09f) Importer(815301076,1909f56bfc062723c751e8b465ee728b)
Start importing Assets/Scripts/Catapult/CataPult.prefab using Guid(298377f499ba0524483837a3e60ab09f) Importer(815301076,1909f56bfc062723c751e8b465ee728b)  -> (artifact id: '1754f243d32d175bc0f4e1876f13c5d2') in 0.101662 seconds 
========================================================================
Received Prepare
Registering precompiled user dll's ...
Registered in 0.005956 seconds.
Begin MonoManager ReloadAssembly
Symbol file LoadedFromMemory doesn't match image C:\Users\WS5\Documents\GitHub\CastleCrasherVR\UnrealUnityProject\Library\PackageCache\com.unity.visualscripting@1.8.0\Editor\VisualScripting.Core\Dependencies\YamlDotNet\Unity.VisualScripting.YamlDotNet.dll
Symbol file LoadedFromMemory doesn't match image C:\Users\WS5\Documents\GitHub\CastleCrasherVR\UnrealUnityProject\Library\PackageCache\com.unity.visualscripting@1.8.0\Editor\VisualScripting.Core\Dependencies\DotNetZip\Unity.VisualScripting.IonicZip.dll
Native extension for WindowsStandalone target not found
Native extension for WebGL target not found
Refreshing native plugins compatible for Editor in 0.59 ms, found 6 plugins.
Preloading 0 native plugins for Editor in 0.00 ms.
Mono: successfully reloaded assembly
- Completed reload, in  0.856 seconds
Domain Reload Profiling:
	ReloadAssembly (857ms)
		BeginReloadAssembly (108ms)
			ExecutionOrderSort (0ms)
			DisableScriptedObjects (3ms)
			BackupInstance (0ms)
			ReleaseScriptingObjects (0ms)
			CreateAndSetChildDomain (29ms)
		EndReloadAssembly (666ms)
			LoadAssemblies (66ms)
			RebuildTransferFunctionScriptingTraits (0ms)
			SetupTypeCache (225ms)
			ReleaseScriptCaches (1ms)
			RebuildScriptCaches (36ms)
			SetupLoadedEditorAssemblies (299ms)
				LogAssemblyErrors (0ms)
				InitializePlatformSupportModulesInManaged (12ms)
				SetLoadedEditorAssemblies (0ms)
				RefreshPlugins (1ms)
				BeforeProcessingInitializeOnLoad (64ms)
				ProcessInitializeOnLoadAttributes (192ms)
				ProcessInitializeOnLoadMethodAttributes (22ms)
				AfterProcessingInitializeOnLoad (7ms)
				EditorAssembliesLoaded (0ms)
			ExecutionOrderSort2 (0ms)
			AwakeInstancesAfterBackupRestoration (6ms)
Platform modules already initialized, skipping
Refreshing native plugins compatible for Editor in 1.78 ms, found 6 plugins.
Preloading 0 native plugins for Editor in 0.00 ms.
Unloading 3358 Unused Serialized files (Serialized files now loaded: 0)
Unloading 23 unused Assets / (10.7 MB). Loaded Objects now: 3922.
Memory consumption went from 148.3 MB to 137.6 MB.
Total: 3.045600 ms (FindLiveObjects: 0.254800 ms CreateObjectMapping: 0.142700 ms MarkObjects: 2.020700 ms  DeleteObjects: 0.626500 ms)

AssetImportParameters requested are different than current active one (requested -> active):
  custom:video-decoder-ogg-theora: a1e56fd34408186e4bbccfd4996cb3dc -> 
  custom:container-muxer-webm: aa71ff27fc2769a1b78a27578f13a17b -> 
  custom:container-demuxer-webm: 4f35f7cbe854078d1ac9338744f61a02 -> 
  custom:video-encoder-webm-vp8: eb34c28f22e8b96e1ab97ce403110664 -> 
  custom:audio-encoder-webm-vorbis: bf7c407c2cedff20999df2af8eb42d56 -> 
  custom:framework-win-MediaFoundation: 216162199b28c13a410421893ffa2e32 -> 
  custom:container-demuxer-ogg: 62fdf1f143b41e24485cea50d1cbac27 -> 
  custom:video-decoder-webm-vp8: 9c59270c3fd7afecdb556c50c9e8de78 -> 
  custom:audio-decoder-ogg-vorbis: bf7c407c2cedff20999df2af8eb42d56 -> 
========================================================================
Received Import Request.
  Time since last request: 53.722668 seconds.
  path: Assets/Scripts/Catapult/CataPult.prefab
  artifactKey: Guid(298377f499ba0524483837a3e60ab09f) Importer(815301076,1909f56bfc062723c751e8b465ee728b)
Start importing Assets/Scripts/Catapult/CataPult.prefab using Guid(298377f499ba0524483837a3e60ab09f) Importer(815301076,1909f56bfc062723c751e8b465ee728b)  -> (artifact id: 'dd9ed4da1e82f298688237c1cf21d310') in 0.101761 seconds 
========================================================================
Received Import Request.
  Time since last request: 7.814083 seconds.
  path: Assets/Scripts/Catapult/CataPult.prefab
  artifactKey: Guid(298377f499ba0524483837a3e60ab09f) Importer(815301076,1909f56bfc062723c751e8b465ee728b)
Start importing Assets/Scripts/Catapult/CataPult.prefab using Guid(298377f499ba0524483837a3e60ab09f) Importer(815301076,1909f56bfc062723c751e8b465ee728b)  -> (artifact id: 'cb02643add62c8f269bd89b2a4cad6a3') in 0.018203 seconds 
========================================================================
Received Import Request.
  Time since last request: 21.397906 seconds.
  path: Assets/Scripts/Catapult/CataPult.prefab
  artifactKey: Guid(298377f499ba0524483837a3e60ab09f) Importer(815301076,1909f56bfc062723c751e8b465ee728b)
Start importing Assets/Scripts/Catapult/CataPult.prefab using Guid(298377f499ba0524483837a3e60ab09f) Importer(815301076,1909f56bfc062723c751e8b465ee728b)  -> (artifact id: '679ee1cbfbe95fdd3a37af6b88236091') in 0.019601 seconds 
========================================================================
Received Import Request.
  Time since last request: 0.590461 seconds.
  path: Assets/Scripts/Catapult/CataPult.prefab
  artifactKey: Guid(298377f499ba0524483837a3e60ab09f) Importer(815301076,1909f56bfc062723c751e8b465ee728b)
Start importing Assets/Scripts/Catapult/CataPult.prefab using Guid(298377f499ba0524483837a3e60ab09f) Importer(815301076,1909f56bfc062723c751e8b465ee728b)  -> (artifact id: '53d86fdd928275c4741d6d3414addb0d') in 0.017050 seconds 
========================================================================
Received Import Request.
  Time since last request: 3.629916 seconds.
  path: Assets/Scripts/Catapult/CataPult.prefab
  artifactKey: Guid(298377f499ba0524483837a3e60ab09f) Importer(815301076,1909f56bfc062723c751e8b465ee728b)
Start importing Assets/Scripts/Catapult/CataPult.prefab using Guid(298377f499ba0524483837a3e60ab09f) Importer(815301076,1909f56bfc062723c751e8b465ee728b)  -> (artifact id: 'd0cd121a3ddf35650460ac96ade23a82') in 0.022958 seconds 
========================================================================
Received Import Request.
  Time since last request: 4.088289 seconds.
  path: Assets/Scripts/Catapult/CataPult.prefab
  artifactKey: Guid(298377f499ba0524483837a3e60ab09f) Importer(815301076,1909f56bfc062723c751e8b465ee728b)
Start importing Assets/Scripts/Catapult/CataPult.prefab using Guid(298377f499ba0524483837a3e60ab09f) Importer(815301076,1909f56bfc062723c751e8b465ee728b)  -> (artifact id: '7417861db750966d35ae517a744d0158') in 0.016536 seconds 
========================================================================
Received Prepare
Registering precompiled user dll's ...
Registered in 0.004798 seconds.
Begin MonoManager ReloadAssembly
Symbol file LoadedFromMemory doesn't match image C:\Users\WS5\Documents\GitHub\CastleCrasherVR\UnrealUnityProject\Library\PackageCache\com.unity.visualscripting@1.8.0\Editor\VisualScripting.Core\Dependencies\YamlDotNet\Unity.VisualScripting.YamlDotNet.dll
Symbol file LoadedFromMemory doesn't match image C:\Users\WS5\Documents\GitHub\CastleCrasherVR\UnrealUnityProject\Library\PackageCache\com.unity.visualscripting@1.8.0\Editor\VisualScripting.Core\Dependencies\DotNetZip\Unity.VisualScripting.IonicZip.dll
Native extension for WindowsStandalone target not found
Native extension for WebGL target not found
Refreshing native plugins compatible for Editor in 0.62 ms, found 6 plugins.
Preloading 0 native plugins for Editor in 0.00 ms.
Mono: successfully reloaded assembly
- Completed reload, in  0.824 seconds
Domain Reload Profiling:
	ReloadAssembly (824ms)
		BeginReloadAssembly (107ms)
			ExecutionOrderSort (0ms)
			DisableScriptedObjects (4ms)
			BackupInstance (0ms)
			ReleaseScriptingObjects (0ms)
			CreateAndSetChildDomain (27ms)
		EndReloadAssembly (634ms)
			LoadAssemblies (66ms)
			RebuildTransferFunctionScriptingTraits (0ms)
			SetupTypeCache (222ms)
			ReleaseScriptCaches (1ms)
			RebuildScriptCaches (35ms)
			SetupLoadedEditorAssemblies (271ms)
				LogAssemblyErrors (0ms)
				InitializePlatformSupportModulesInManaged (12ms)
				SetLoadedEditorAssemblies (0ms)
				RefreshPlugins (1ms)
				BeforeProcessingInitializeOnLoad (62ms)
				ProcessInitializeOnLoadAttributes (171ms)
				ProcessInitializeOnLoadMethodAttributes (19ms)
				AfterProcessingInitializeOnLoad (8ms)
				EditorAssembliesLoaded (0ms)
			ExecutionOrderSort2 (0ms)
			AwakeInstancesAfterBackupRestoration (6ms)
Platform modules already initialized, skipping
Refreshing native plugins compatible for Editor in 1.61 ms, found 6 plugins.
Preloading 0 native plugins for Editor in 0.00 ms.
Unloading 3358 Unused Serialized files (Serialized files now loaded: 0)
Unloading 23 unused Assets / (10.7 MB). Loaded Objects now: 3926.
Memory consumption went from 148.4 MB to 137.6 MB.
Total: 3.175400 ms (FindLiveObjects: 0.259000 ms CreateObjectMapping: 0.201100 ms MarkObjects: 2.043200 ms  DeleteObjects: 0.671300 ms)

AssetImportParameters requested are different than current active one (requested -> active):
  custom:video-decoder-ogg-theora: a1e56fd34408186e4bbccfd4996cb3dc -> 
  custom:container-muxer-webm: aa71ff27fc2769a1b78a27578f13a17b -> 
  custom:container-demuxer-webm: 4f35f7cbe854078d1ac9338744f61a02 -> 
  custom:video-encoder-webm-vp8: eb34c28f22e8b96e1ab97ce403110664 -> 
  custom:audio-encoder-webm-vorbis: bf7c407c2cedff20999df2af8eb42d56 -> 
  custom:framework-win-MediaFoundation: 216162199b28c13a410421893ffa2e32 -> 
  custom:container-demuxer-ogg: 62fdf1f143b41e24485cea50d1cbac27 -> 
  custom:video-decoder-webm-vp8: 9c59270c3fd7afecdb556c50c9e8de78 -> 
  custom:audio-decoder-ogg-vorbis: bf7c407c2cedff20999df2af8eb42d56 -> 
========================================================================
Received Import Request.
  Time since last request: 37.673002 seconds.
  path: Assets/Scripts/Catapult/CataPult.prefab
  artifactKey: Guid(298377f499ba0524483837a3e60ab09f) Importer(815301076,1909f56bfc062723c751e8b465ee728b)
Start importing Assets/Scripts/Catapult/CataPult.prefab using Guid(298377f499ba0524483837a3e60ab09f) Importer(815301076,1909f56bfc062723c751e8b465ee728b)  -> (artifact id: '091cd64d97c13c474719cc506d8f7901') in 0.098511 seconds 
========================================================================
Received Prepare
Registering precompiled user dll's ...
Registered in 0.004759 seconds.
Begin MonoManager ReloadAssembly
Symbol file LoadedFromMemory doesn't match image C:\Users\WS5\Documents\GitHub\CastleCrasherVR\UnrealUnityProject\Library\PackageCache\com.unity.visualscripting@1.8.0\Editor\VisualScripting.Core\Dependencies\YamlDotNet\Unity.VisualScripting.YamlDotNet.dll
Symbol file LoadedFromMemory doesn't match image C:\Users\WS5\Documents\GitHub\CastleCrasherVR\UnrealUnityProject\Library\PackageCache\com.unity.visualscripting@1.8.0\Editor\VisualScripting.Core\Dependencies\DotNetZip\Unity.VisualScripting.IonicZip.dll
Native extension for WindowsStandalone target not found
Native extension for WebGL target not found
Refreshing native plugins compatible for Editor in 0.66 ms, found 6 plugins.
Preloading 0 native plugins for Editor in 0.00 ms.
Mono: successfully reloaded assembly
- Completed reload, in  0.834 seconds
Domain Reload Profiling:
	ReloadAssembly (834ms)
		BeginReloadAssembly (109ms)
			ExecutionOrderSort (0ms)
			DisableScriptedObjects (4ms)
			BackupInstance (0ms)
			ReleaseScriptingObjects (0ms)
			CreateAndSetChildDomain (27ms)
		EndReloadAssembly (640ms)
			LoadAssemblies (68ms)
			RebuildTransferFunctionScriptingTraits (0ms)
			SetupTypeCache (232ms)
			ReleaseScriptCaches (1ms)
			RebuildScriptCaches (35ms)
			SetupLoadedEditorAssemblies (270ms)
				LogAssemblyErrors (0ms)
				InitializePlatformSupportModulesInManaged (12ms)
				SetLoadedEditorAssemblies (0ms)
				RefreshPlugins (1ms)
				BeforeProcessingInitializeOnLoad (64ms)
				ProcessInitializeOnLoadAttributes (169ms)
				ProcessInitializeOnLoadMethodAttributes (16ms)
				AfterProcessingInitializeOnLoad (6ms)
				EditorAssembliesLoaded (1ms)
			ExecutionOrderSort2 (0ms)
			AwakeInstancesAfterBackupRestoration (5ms)
Platform modules already initialized, skipping
Refreshing native plugins compatible for Editor in 1.73 ms, found 6 plugins.
Preloading 0 native plugins for Editor in 0.00 ms.
Unloading 3358 Unused Serialized files (Serialized files now loaded: 0)
Unloading 23 unused Assets / (10.7 MB). Loaded Objects now: 3930.
Memory consumption went from 148.3 MB to 137.7 MB.
Total: 2.989300 ms (FindLiveObjects: 0.256700 ms CreateObjectMapping: 0.154600 ms MarkObjects: 1.951000 ms  DeleteObjects: 0.626300 ms)

AssetImportParameters requested are different than current active one (requested -> active):
  custom:video-decoder-ogg-theora: a1e56fd34408186e4bbccfd4996cb3dc -> 
  custom:container-muxer-webm: aa71ff27fc2769a1b78a27578f13a17b -> 
  custom:container-demuxer-webm: 4f35f7cbe854078d1ac9338744f61a02 -> 
  custom:video-encoder-webm-vp8: eb34c28f22e8b96e1ab97ce403110664 -> 
  custom:audio-encoder-webm-vorbis: bf7c407c2cedff20999df2af8eb42d56 -> 
  custom:framework-win-MediaFoundation: 216162199b28c13a410421893ffa2e32 -> 
  custom:container-demuxer-ogg: 62fdf1f143b41e24485cea50d1cbac27 -> 
  custom:video-decoder-webm-vp8: 9c59270c3fd7afecdb556c50c9e8de78 -> 
  custom:audio-decoder-ogg-vorbis: bf7c407c2cedff20999df2af8eb42d56 -> 
========================================================================
Received Import Request.
  Time since last request: 8.557238 seconds.
  path: Assets/Scripts/Catapult/CataPult.prefab
  artifactKey: Guid(298377f499ba0524483837a3e60ab09f) Importer(815301076,1909f56bfc062723c751e8b465ee728b)
Start importing Assets/Scripts/Catapult/CataPult.prefab using Guid(298377f499ba0524483837a3e60ab09f) Importer(815301076,1909f56bfc062723c751e8b465ee728b)  -> (artifact id: '5ac78665037be0df84f64c08ec98165a') in 0.091438 seconds 
========================================================================
Received Import Request.
  Time since last request: 31.421980 seconds.
  path: Assets/Scripts/Catapult/CataPult.prefab
  artifactKey: Guid(298377f499ba0524483837a3e60ab09f) Importer(815301076,1909f56bfc062723c751e8b465ee728b)
Start importing Assets/Scripts/Catapult/CataPult.prefab using Guid(298377f499ba0524483837a3e60ab09f) Importer(815301076,1909f56bfc062723c751e8b465ee728b)  -> (artifact id: 'a124b1395f3f9d876cdc5f899c26772a') in 0.020756 seconds 
========================================================================
Received Import Request.
  Time since last request: 3.602366 seconds.
  path: Assets/Scripts/Catapult/CataPult.prefab
  artifactKey: Guid(298377f499ba0524483837a3e60ab09f) Importer(815301076,1909f56bfc062723c751e8b465ee728b)
Start importing Assets/Scripts/Catapult/CataPult.prefab using Guid(298377f499ba0524483837a3e60ab09f) Importer(815301076,1909f56bfc062723c751e8b465ee728b)  -> (artifact id: '8782be5a0ff35f46807efca74ab12b53') in 0.020137 seconds 
========================================================================
Received Import Request.
  Time since last request: 9.056847 seconds.
  path: Assets/Scripts/Catapult/CataPult.prefab
  artifactKey: Guid(298377f499ba0524483837a3e60ab09f) Importer(815301076,1909f56bfc062723c751e8b465ee728b)
Start importing Assets/Scripts/Catapult/CataPult.prefab using Guid(298377f499ba0524483837a3e60ab09f) Importer(815301076,1909f56bfc062723c751e8b465ee728b)  -> (artifact id: 'dcb285b86c5e40cb91b30a0f077c89a0') in 0.022032 seconds 
========================================================================
Received Import Request.
  Time since last request: 4.424258 seconds.
  path: Assets/Scripts/Catapult/CataPult.prefab
  artifactKey: Guid(298377f499ba0524483837a3e60ab09f) Importer(815301076,1909f56bfc062723c751e8b465ee728b)
Start importing Assets/Scripts/Catapult/CataPult.prefab using Guid(298377f499ba0524483837a3e60ab09f) Importer(815301076,1909f56bfc062723c751e8b465ee728b)  -> (artifact id: '25a13ca0ccf657c4eeece665e4d268da') in 0.023146 seconds 
========================================================================
Received Import Request.
  Time since last request: 12.294331 seconds.
  path: Assets/Scripts/Catapult/CataPult.prefab
  artifactKey: Guid(298377f499ba0524483837a3e60ab09f) Importer(815301076,1909f56bfc062723c751e8b465ee728b)
Start importing Assets/Scripts/Catapult/CataPult.prefab using Guid(298377f499ba0524483837a3e60ab09f) Importer(815301076,1909f56bfc062723c751e8b465ee728b)  -> (artifact id: 'c161f6e98cf4e2da41cdc6913597dad8') in 0.017955 seconds 
========================================================================
Received Import Request.
  Time since last request: 35.540855 seconds.
  path: Assets/Scripts/Catapult/CataPult.prefab
  artifactKey: Guid(298377f499ba0524483837a3e60ab09f) Importer(815301076,1909f56bfc062723c751e8b465ee728b)
Start importing Assets/Scripts/Catapult/CataPult.prefab using Guid(298377f499ba0524483837a3e60ab09f) Importer(815301076,1909f56bfc062723c751e8b465ee728b)  -> (artifact id: '419773983317ea0f2ad6803b6e9fce45') in 0.020998 seconds 
========================================================================
Received Import Request.
  Time since last request: 3.629264 seconds.
  path: Assets/Scripts/Catapult/CataPult.prefab
  artifactKey: Guid(298377f499ba0524483837a3e60ab09f) Importer(815301076,1909f56bfc062723c751e8b465ee728b)
Start importing Assets/Scripts/Catapult/CataPult.prefab using Guid(298377f499ba0524483837a3e60ab09f) Importer(815301076,1909f56bfc062723c751e8b465ee728b)  -> (artifact id: '742b776b477cdf71560bbb33b45d8d15') in 0.025482 seconds 
========================================================================
Received Import Request.
  Time since last request: 4.860219 seconds.
  path: Assets/Scripts/Catapult/CataPult.prefab
  artifactKey: Guid(298377f499ba0524483837a3e60ab09f) Importer(815301076,1909f56bfc062723c751e8b465ee728b)
Start importing Assets/Scripts/Catapult/CataPult.prefab using Guid(298377f499ba0524483837a3e60ab09f) Importer(815301076,1909f56bfc062723c751e8b465ee728b)  -> (artifact id: 'b21b93343c4190e2703bac5ba3b4531f') in 0.019462 seconds 
========================================================================
Received Import Request.
  Time since last request: 6.652221 seconds.
  path: Assets/Scripts/Catapult/CataPult.prefab
  artifactKey: Guid(298377f499ba0524483837a3e60ab09f) Importer(815301076,1909f56bfc062723c751e8b465ee728b)
Start importing Assets/Scripts/Catapult/CataPult.prefab using Guid(298377f499ba0524483837a3e60ab09f) Importer(815301076,1909f56bfc062723c751e8b465ee728b)  -> (artifact id: '03fca8af9c739ffb5ff88d6b4f446a20') in 0.022055 seconds 
========================================================================
Received Import Request.
  Time since last request: 3.234421 seconds.
  path: Assets/Scripts/Catapult/CataPult.prefab
  artifactKey: Guid(298377f499ba0524483837a3e60ab09f) Importer(815301076,1909f56bfc062723c751e8b465ee728b)
Start importing Assets/Scripts/Catapult/CataPult.prefab using Guid(298377f499ba0524483837a3e60ab09f) Importer(815301076,1909f56bfc062723c751e8b465ee728b)  -> (artifact id: '6c846a0136d973b2a089e00a369a7a60') in 0.016173 seconds 
========================================================================
Received Import Request.
  Time since last request: 5.253797 seconds.
  path: Assets/Scripts/Catapult/CataPult.prefab
  artifactKey: Guid(298377f499ba0524483837a3e60ab09f) Importer(815301076,1909f56bfc062723c751e8b465ee728b)
Start importing Assets/Scripts/Catapult/CataPult.prefab using Guid(298377f499ba0524483837a3e60ab09f) Importer(815301076,1909f56bfc062723c751e8b465ee728b)  -> (artifact id: '3e560dde05b653c2425bf36a2dde6027') in 0.021172 seconds 
========================================================================
Received Import Request.
  Time since last request: 5.512417 seconds.
  path: Assets/Scripts/Catapult/CataPult.prefab
  artifactKey: Guid(298377f499ba0524483837a3e60ab09f) Importer(815301076,1909f56bfc062723c751e8b465ee728b)
Start importing Assets/Scripts/Catapult/CataPult.prefab using Guid(298377f499ba0524483837a3e60ab09f) Importer(815301076,1909f56bfc062723c751e8b465ee728b)  -> (artifact id: 'e27e317a2fc2654896bcbafe671456ce') in 0.017864 seconds 
========================================================================
Received Prepare
Registering precompiled user dll's ...
Registered in 0.004878 seconds.
Begin MonoManager ReloadAssembly
Symbol file LoadedFromMemory doesn't match image C:\Users\WS5\Documents\GitHub\CastleCrasherVR\UnrealUnityProject\Library\PackageCache\com.unity.visualscripting@1.8.0\Editor\VisualScripting.Core\Dependencies\YamlDotNet\Unity.VisualScripting.YamlDotNet.dll
Symbol file LoadedFromMemory doesn't match image C:\Users\WS5\Documents\GitHub\CastleCrasherVR\UnrealUnityProject\Library\PackageCache\com.unity.visualscripting@1.8.0\Editor\VisualScripting.Core\Dependencies\DotNetZip\Unity.VisualScripting.IonicZip.dll
Native extension for WindowsStandalone target not found
Native extension for WebGL target not found
Refreshing native plugins compatible for Editor in 0.60 ms, found 6 plugins.
Preloading 0 native plugins for Editor in 0.00 ms.
Mono: successfully reloaded assembly
- Completed reload, in  0.846 seconds
Domain Reload Profiling:
	ReloadAssembly (846ms)
		BeginReloadAssembly (113ms)
			ExecutionOrderSort (0ms)
			DisableScriptedObjects (3ms)
			BackupInstance (0ms)
			ReleaseScriptingObjects (0ms)
			CreateAndSetChildDomain (28ms)
		EndReloadAssembly (651ms)
			LoadAssemblies (71ms)
			RebuildTransferFunctionScriptingTraits (0ms)
			SetupTypeCache (224ms)
			ReleaseScriptCaches (1ms)
			RebuildScriptCaches (35ms)
			SetupLoadedEditorAssemblies (286ms)
				LogAssemblyErrors (0ms)
				InitializePlatformSupportModulesInManaged (12ms)
				SetLoadedEditorAssemblies (0ms)
				RefreshPlugins (1ms)
				BeforeProcessingInitializeOnLoad (63ms)
				ProcessInitializeOnLoadAttributes (185ms)
				ProcessInitializeOnLoadMethodAttributes (17ms)
				AfterProcessingInitializeOnLoad (9ms)
				EditorAssembliesLoaded (0ms)
			ExecutionOrderSort2 (0ms)
			AwakeInstancesAfterBackupRestoration (6ms)
Platform modules already initialized, skipping
Refreshing native plugins compatible for Editor in 1.70 ms, found 6 plugins.
Preloading 0 native plugins for Editor in 0.00 ms.
Unloading 3358 Unused Serialized files (Serialized files now loaded: 0)
Unloading 23 unused Assets / (10.7 MB). Loaded Objects now: 3934.
Memory consumption went from 148.4 MB to 137.7 MB.
Total: 2.964800 ms (FindLiveObjects: 0.252200 ms CreateObjectMapping: 0.132800 ms MarkObjects: 1.945300 ms  DeleteObjects: 0.633800 ms)

AssetImportParameters requested are different than current active one (requested -> active):
  custom:video-decoder-ogg-theora: a1e56fd34408186e4bbccfd4996cb3dc -> 
  custom:container-muxer-webm: aa71ff27fc2769a1b78a27578f13a17b -> 
  custom:container-demuxer-webm: 4f35f7cbe854078d1ac9338744f61a02 -> 
  custom:video-encoder-webm-vp8: eb34c28f22e8b96e1ab97ce403110664 -> 
  custom:audio-encoder-webm-vorbis: bf7c407c2cedff20999df2af8eb42d56 -> 
  custom:framework-win-MediaFoundation: 216162199b28c13a410421893ffa2e32 -> 
  custom:container-demuxer-ogg: 62fdf1f143b41e24485cea50d1cbac27 -> 
  custom:video-decoder-webm-vp8: 9c59270c3fd7afecdb556c50c9e8de78 -> 
  custom:audio-decoder-ogg-vorbis: bf7c407c2cedff20999df2af8eb42d56 -> 
========================================================================
Received Import Request.
  Time since last request: 15.061981 seconds.
  path: Assets/Scripts/Catapult/WeelHands.cs
  artifactKey: Guid(f768ce4d9212dd6479a75d55fe2a9e50) Importer(815301076,1909f56bfc062723c751e8b465ee728b)
Start importing Assets/Scripts/Catapult/WeelHands.cs using Guid(f768ce4d9212dd6479a75d55fe2a9e50) Importer(815301076,1909f56bfc062723c751e8b465ee728b)  -> (artifact id: 'ed8ab17326398385f799d7c9d8f59b51') in 0.007832 seconds 
========================================================================
Received Import Request.
  Time since last request: 18.135517 seconds.
  path: Assets/Scripts/Catapult/CatapultShooter.cs
  artifactKey: Guid(220c23852121fe047a77c3dce26e0556) Importer(815301076,1909f56bfc062723c751e8b465ee728b)
Start importing Assets/Scripts/Catapult/CatapultShooter.cs using Guid(220c23852121fe047a77c3dce26e0556) Importer(815301076,1909f56bfc062723c751e8b465ee728b)  -> (artifact id: 'aa82fdaab4579a056bce54c344cea4be') in 0.004674 seconds 
========================================================================
Received Prepare
Registering precompiled user dll's ...
Registered in 0.004899 seconds.
Begin MonoManager ReloadAssembly
Symbol file LoadedFromMemory doesn't match image C:\Users\WS5\Documents\GitHub\CastleCrasherVR\UnrealUnityProject\Library\PackageCache\com.unity.visualscripting@1.8.0\Editor\VisualScripting.Core\Dependencies\YamlDotNet\Unity.VisualScripting.YamlDotNet.dll
Symbol file LoadedFromMemory doesn't match image C:\Users\WS5\Documents\GitHub\CastleCrasherVR\UnrealUnityProject\Library\PackageCache\com.unity.visualscripting@1.8.0\Editor\VisualScripting.Core\Dependencies\DotNetZip\Unity.VisualScripting.IonicZip.dll
Native extension for WindowsStandalone target not found
Native extension for WebGL target not found
Refreshing native plugins compatible for Editor in 0.63 ms, found 6 plugins.
Preloading 0 native plugins for Editor in 0.00 ms.
Mono: successfully reloaded assembly
- Completed reload, in  1.016 seconds
Domain Reload Profiling:
	ReloadAssembly (1016ms)
		BeginReloadAssembly (212ms)
			ExecutionOrderSort (0ms)
			DisableScriptedObjects (4ms)
			BackupInstance (0ms)
			ReleaseScriptingObjects (0ms)
			CreateAndSetChildDomain (42ms)
		EndReloadAssembly (671ms)
			LoadAssemblies (100ms)
			RebuildTransferFunctionScriptingTraits (0ms)
			SetupTypeCache (253ms)
			ReleaseScriptCaches (1ms)
			RebuildScriptCaches (39ms)
			SetupLoadedEditorAssemblies (265ms)
				LogAssemblyErrors (0ms)
				InitializePlatformSupportModulesInManaged (13ms)
				SetLoadedEditorAssemblies (0ms)
				RefreshPlugins (1ms)
				BeforeProcessingInitializeOnLoad (64ms)
				ProcessInitializeOnLoadAttributes (165ms)
				ProcessInitializeOnLoadMethodAttributes (15ms)
				AfterProcessingInitializeOnLoad (6ms)
				EditorAssembliesLoaded (0ms)
			ExecutionOrderSort2 (0ms)
			AwakeInstancesAfterBackupRestoration (5ms)
Platform modules already initialized, skipping
Refreshing native plugins compatible for Editor in 1.55 ms, found 6 plugins.
Preloading 0 native plugins for Editor in 0.00 ms.
Unloading 3359 Unused Serialized files (Serialized files now loaded: 0)
Unloading 23 unused Assets / (10.7 MB). Loaded Objects now: 3939.
Memory consumption went from 148.4 MB to 137.7 MB.
Total: 3.384700 ms (FindLiveObjects: 0.342700 ms CreateObjectMapping: 0.141700 ms MarkObjects: 2.293900 ms  DeleteObjects: 0.605600 ms)

AssetImportParameters requested are different than current active one (requested -> active):
  custom:video-decoder-ogg-theora: a1e56fd34408186e4bbccfd4996cb3dc -> 
  custom:container-muxer-webm: aa71ff27fc2769a1b78a27578f13a17b -> 
  custom:container-demuxer-webm: 4f35f7cbe854078d1ac9338744f61a02 -> 
  custom:video-encoder-webm-vp8: eb34c28f22e8b96e1ab97ce403110664 -> 
  custom:audio-encoder-webm-vorbis: bf7c407c2cedff20999df2af8eb42d56 -> 
  custom:framework-win-MediaFoundation: 216162199b28c13a410421893ffa2e32 -> 
  custom:container-demuxer-ogg: 62fdf1f143b41e24485cea50d1cbac27 -> 
  custom:video-decoder-webm-vp8: 9c59270c3fd7afecdb556c50c9e8de78 -> 
  custom:audio-decoder-ogg-vorbis: bf7c407c2cedff20999df2af8eb42d56 -> 
========================================================================
Received Prepare
Registering precompiled user dll's ...
Registered in 0.005643 seconds.
Begin MonoManager ReloadAssembly
Symbol file LoadedFromMemory doesn't match image C:\Users\WS5\Documents\GitHub\CastleCrasherVR\UnrealUnityProject\Library\PackageCache\com.unity.visualscripting@1.8.0\Editor\VisualScripting.Core\Dependencies\YamlDotNet\Unity.VisualScripting.YamlDotNet.dll
Symbol file LoadedFromMemory doesn't match image C:\Users\WS5\Documents\GitHub\CastleCrasherVR\UnrealUnityProject\Library\PackageCache\com.unity.visualscripting@1.8.0\Editor\VisualScripting.Core\Dependencies\DotNetZip\Unity.VisualScripting.IonicZip.dll
Native extension for WindowsStandalone target not found
Native extension for WebGL target not found
Refreshing native plugins compatible for Editor in 0.58 ms, found 6 plugins.
Preloading 0 native plugins for Editor in 0.00 ms.
Mono: successfully reloaded assembly
- Completed reload, in  0.826 seconds
Domain Reload Profiling:
	ReloadAssembly (827ms)
		BeginReloadAssembly (118ms)
			ExecutionOrderSort (0ms)
			DisableScriptedObjects (3ms)
			BackupInstance (0ms)
			ReleaseScriptingObjects (0ms)
			CreateAndSetChildDomain (26ms)
		EndReloadAssembly (629ms)
			LoadAssemblies (67ms)
			RebuildTransferFunctionScriptingTraits (0ms)
			SetupTypeCache (220ms)
			ReleaseScriptCaches (1ms)
			RebuildScriptCaches (33ms)
			SetupLoadedEditorAssemblies (272ms)
				LogAssemblyErrors (0ms)
				InitializePlatformSupportModulesInManaged (12ms)
				SetLoadedEditorAssemblies (0ms)
				RefreshPlugins (1ms)
				BeforeProcessingInitializeOnLoad (69ms)
				ProcessInitializeOnLoadAttributes (166ms)
				ProcessInitializeOnLoadMethodAttributes (16ms)
				AfterProcessingInitializeOnLoad (7ms)
				EditorAssembliesLoaded (0ms)
			ExecutionOrderSort2 (0ms)
			AwakeInstancesAfterBackupRestoration (5ms)
Platform modules already initialized, skipping
Refreshing native plugins compatible for Editor in 1.53 ms, found 6 plugins.
Preloading 0 native plugins for Editor in 0.00 ms.
Unloading 3359 Unused Serialized files (Serialized files now loaded: 0)
Unloading 23 unused Assets / (10.7 MB). Loaded Objects now: 3943.
Memory consumption went from 148.5 MB to 137.7 MB.
Total: 3.137600 ms (FindLiveObjects: 0.337600 ms CreateObjectMapping: 0.162600 ms MarkObjects: 2.058700 ms  DeleteObjects: 0.578000 ms)

AssetImportParameters requested are different than current active one (requested -> active):
  custom:video-decoder-ogg-theora: a1e56fd34408186e4bbccfd4996cb3dc -> 
  custom:container-muxer-webm: aa71ff27fc2769a1b78a27578f13a17b -> 
  custom:container-demuxer-webm: 4f35f7cbe854078d1ac9338744f61a02 -> 
  custom:video-encoder-webm-vp8: eb34c28f22e8b96e1ab97ce403110664 -> 
  custom:audio-encoder-webm-vorbis: bf7c407c2cedff20999df2af8eb42d56 -> 
  custom:framework-win-MediaFoundation: 216162199b28c13a410421893ffa2e32 -> 
  custom:container-demuxer-ogg: 62fdf1f143b41e24485cea50d1cbac27 -> 
  custom:video-decoder-webm-vp8: 9c59270c3fd7afecdb556c50c9e8de78 -> 
  custom:audio-decoder-ogg-vorbis: bf7c407c2cedff20999df2af8eb42d56 -> 
